{"/home/travis/build/npmtest/node-npmtest-jsonapify/test.js":{"path":"/home/travis/build/npmtest/node-npmtest-jsonapify/test.js","s":{"1":2,"2":2,"3":2,"4":2,"5":2,"6":2,"7":2,"8":1,"9":2,"10":2,"11":1,"12":1,"13":1,"14":1,"15":2,"16":2,"17":2,"18":2,"19":1,"20":1,"21":2,"22":2,"23":2,"24":1,"25":1,"26":1,"27":1,"28":1,"29":1,"30":1,"31":1,"32":1,"33":1,"34":1,"35":1,"36":1,"37":1,"38":1,"39":2,"40":2,"41":1,"42":2,"43":2,"44":1,"45":2,"46":2,"47":1,"48":2,"49":2,"50":1,"51":1,"52":1,"53":1,"54":1},"b":{"1":[2,1,1,1],"2":[1,1,1,1],"3":[1,1],"4":[1,1],"5":[1,1],"6":[1,1],"7":[1,1],"8":[1,1],"9":[1,1],"10":[1,1,1],"11":[1,1],"12":[1,1],"13":[1,1],"14":[1,1],"15":[1,1],"16":[1,1],"17":[1,1]},"f":{"1":2,"2":2,"3":2,"4":2,"5":2,"6":1,"7":1,"8":1,"9":2,"10":2,"11":2,"12":2,"13":1},"fnMap":{"1":{"name":"(anonymous_1)","line":12,"loc":{"start":{"line":12,"column":1},"end":{"line":12,"column":13}}},"2":{"name":"(anonymous_2)","line":19,"loc":{"start":{"line":19,"column":5},"end":{"line":19,"column":17}}},"3":{"name":"(anonymous_3)","line":23,"loc":{"start":{"line":23,"column":24},"end":{"line":23,"column":36}}},"4":{"name":"(anonymous_4)","line":61,"loc":{"start":{"line":61,"column":5},"end":{"line":61,"column":17}}},"5":{"name":"(anonymous_5)","line":82,"loc":{"start":{"line":82,"column":5},"end":{"line":82,"column":17}}},"6":{"name":"(anonymous_6)","line":91,"loc":{"start":{"line":91,"column":77},"end":{"line":94,"column":10}}},"7":{"name":"(anonymous_7)","line":112,"loc":{"start":{"line":112,"column":83},"end":{"line":115,"column":10}},"skip":true},"8":{"name":"(anonymous_8)","line":123,"loc":{"start":{"line":123,"column":77},"end":{"line":126,"column":10}},"skip":true},"9":{"name":"(anonymous_9)","line":139,"loc":{"start":{"line":139,"column":12},"end":{"line":139,"column":40}},"skip":true},"10":{"name":"(anonymous_10)","line":147,"loc":{"start":{"line":147,"column":77},"end":{"line":150,"column":10}},"skip":true},"11":{"name":"(anonymous_11)","line":158,"loc":{"start":{"line":158,"column":83},"end":{"line":161,"column":10}},"skip":true},"12":{"name":"(anonymous_12)","line":169,"loc":{"start":{"line":169,"column":79},"end":{"line":172,"column":10}},"skip":true},"13":{"name":"(anonymous_13)","line":180,"loc":{"start":{"line":180,"column":75},"end":{"line":183,"column":10}},"skip":true}},"statementMap":{"1":{"start":{"line":12,"column":0},"end":{"line":195,"column":5}},"2":{"start":{"line":14,"column":4},"end":{"line":14,"column":14}},"3":{"start":{"line":19,"column":4},"end":{"line":56,"column":9}},"4":{"start":{"line":21,"column":8},"end":{"line":21,"column":19}},"5":{"start":{"line":23,"column":8},"end":{"line":35,"column":13}},"6":{"start":{"line":24,"column":12},"end":{"line":34,"column":13}},"7":{"start":{"line":25,"column":16},"end":{"line":28,"column":30}},"8":{"start":{"line":30,"column":16},"end":{"line":33,"column":27}},"9":{"start":{"line":37,"column":8},"end":{"line":39,"column":21}},"10":{"start":{"line":40,"column":8},"end":{"line":53,"column":9}},"11":{"start":{"line":43,"column":12},"end":{"line":46,"column":14}},"12":{"start":{"line":47,"column":12},"end":{"line":47,"column":18}},"13":{"start":{"line":50,"column":12},"end":{"line":51,"column":33}},"14":{"start":{"line":52,"column":12},"end":{"line":52,"column":18}},"15":{"start":{"line":55,"column":8},"end":{"line":55,"column":35}},"16":{"start":{"line":61,"column":4},"end":{"line":63,"column":9}},"17":{"start":{"line":62,"column":8},"end":{"line":62,"column":15}},"18":{"start":{"line":64,"column":4},"end":{"line":77,"column":5}},"19":{"start":{"line":70,"column":8},"end":{"line":70,"column":14}},"20":{"start":{"line":76,"column":8},"end":{"line":76,"column":14}},"21":{"start":{"line":82,"column":4},"end":{"line":84,"column":9}},"22":{"start":{"line":83,"column":8},"end":{"line":83,"column":15}},"23":{"start":{"line":85,"column":4},"end":{"line":194,"column":5}},"24":{"start":{"line":91,"column":8},"end":{"line":99,"column":10}},"25":{"start":{"line":98,"column":12},"end":{"line":98,"column":35}},"26":{"start":{"line":102,"column":8},"end":{"line":104,"column":63}},"27":{"start":{"line":105,"column":8},"end":{"line":105,"column":14}},"28":{"start":{"line":112,"column":8},"end":{"line":121,"column":10},"skip":true},"29":{"start":{"line":119,"column":12},"end":{"line":119,"column":55},"skip":true},"30":{"start":{"line":120,"column":12},"end":{"line":120,"column":48},"skip":true},"31":{"start":{"line":123,"column":8},"end":{"line":136,"column":10},"skip":true},"32":{"start":{"line":130,"column":12},"end":{"line":130,"column":76},"skip":true},"33":{"start":{"line":131,"column":12},"end":{"line":131,"column":73},"skip":true},"34":{"start":{"line":132,"column":12},"end":{"line":132,"column":74},"skip":true},"35":{"start":{"line":133,"column":12},"end":{"line":133,"column":79},"skip":true},"36":{"start":{"line":134,"column":12},"end":{"line":134,"column":25},"skip":true},"37":{"start":{"line":135,"column":12},"end":{"line":135,"column":45},"skip":true},"38":{"start":{"line":138,"column":8},"end":{"line":145,"column":14},"skip":true},"39":{"start":{"line":143,"column":16},"end":{"line":143,"column":29},"skip":true},"40":{"start":{"line":144,"column":16},"end":{"line":144,"column":55},"skip":true},"41":{"start":{"line":147,"column":8},"end":{"line":156,"column":10},"skip":true},"42":{"start":{"line":154,"column":12},"end":{"line":154,"column":25},"skip":true},"43":{"start":{"line":155,"column":12},"end":{"line":155,"column":45},"skip":true},"44":{"start":{"line":158,"column":8},"end":{"line":167,"column":10},"skip":true},"45":{"start":{"line":165,"column":12},"end":{"line":165,"column":25},"skip":true},"46":{"start":{"line":166,"column":12},"end":{"line":166,"column":48},"skip":true},"47":{"start":{"line":169,"column":8},"end":{"line":178,"column":10},"skip":true},"48":{"start":{"line":176,"column":12},"end":{"line":176,"column":25},"skip":true},"49":{"start":{"line":177,"column":12},"end":{"line":177,"column":46},"skip":true},"50":{"start":{"line":180,"column":8},"end":{"line":189,"column":10},"skip":true},"51":{"start":{"line":187,"column":12},"end":{"line":187,"column":94},"skip":true},"52":{"start":{"line":188,"column":12},"end":{"line":188,"column":48},"skip":true},"53":{"start":{"line":192,"column":8},"end":{"line":192,"column":35},"skip":true},"54":{"start":{"line":193,"column":8},"end":{"line":193,"column":14},"skip":true}},"branchMap":{"1":{"line":25,"type":"binary-expr","locations":[{"start":{"line":25,"column":23},"end":{"line":25,"column":62}},{"start":{"line":26,"column":20},"end":{"line":26,"column":70}},{"start":{"line":27,"column":20},"end":{"line":27,"column":71}},{"start":{"line":28,"column":20},"end":{"line":28,"column":29}}]},"2":{"line":30,"type":"binary-expr","locations":[{"start":{"line":30,"column":23},"end":{"line":30,"column":37}},{"start":{"line":31,"column":20},"end":{"line":31,"column":61}},{"start":{"line":32,"column":20},"end":{"line":32,"column":70}},{"start":{"line":33,"column":20},"end":{"line":33,"column":26}}]},"3":{"line":37,"type":"cond-expr","locations":[{"start":{"line":38,"column":14},"end":{"line":38,"column":20}},{"start":{"line":39,"column":14},"end":{"line":39,"column":20}}]},"4":{"line":40,"type":"switch","locations":[{"start":{"line":42,"column":8},"end":{"line":47,"column":18}},{"start":{"line":49,"column":8},"end":{"line":52,"column":18}}]},"5":{"line":44,"type":"binary-expr","locations":[{"start":{"line":44,"column":16},"end":{"line":44,"column":44}},{"start":{"line":44,"column":48},"end":{"line":44,"column":66}}]},"6":{"line":50,"type":"binary-expr","locations":[{"start":{"line":50,"column":21},"end":{"line":50,"column":49}},{"start":{"line":50,"column":53},"end":{"line":50,"column":72}}]},"7":{"line":64,"type":"switch","locations":[{"start":{"line":69,"column":4},"end":{"line":70,"column":14}},{"start":{"line":75,"column":4},"end":{"line":76,"column":14}}]},"8":{"line":85,"type":"switch","locations":[{"start":{"line":90,"column":4},"end":{"line":105,"column":14}},{"start":{"line":111,"column":4},"end":{"line":193,"column":14},"skip":true}]},"9":{"line":91,"type":"binary-expr","locations":[{"start":{"line":91,"column":42},"end":{"line":91,"column":73}},{"start":{"line":91,"column":77},"end":{"line":99,"column":9}}]},"10":{"line":102,"type":"binary-expr","locations":[{"start":{"line":102,"column":18},"end":{"line":102,"column":32}},{"start":{"line":103,"column":12},"end":{"line":103,"column":53}},{"start":{"line":104,"column":12},"end":{"line":104,"column":61}}]},"11":{"line":112,"type":"binary-expr","locations":[{"start":{"line":112,"column":45},"end":{"line":112,"column":79},"skip":true},{"start":{"line":112,"column":83},"end":{"line":121,"column":9},"skip":true}]},"12":{"line":123,"type":"binary-expr","locations":[{"start":{"line":123,"column":42},"end":{"line":123,"column":73},"skip":true},{"start":{"line":123,"column":77},"end":{"line":136,"column":9},"skip":true}]},"13":{"line":138,"type":"binary-expr","locations":[{"start":{"line":138,"column":48},"end":{"line":138,"column":85},"skip":true},{"start":{"line":139,"column":12},"end":{"line":145,"column":13},"skip":true}]},"14":{"line":147,"type":"binary-expr","locations":[{"start":{"line":147,"column":42},"end":{"line":147,"column":73},"skip":true},{"start":{"line":147,"column":77},"end":{"line":156,"column":9},"skip":true}]},"15":{"line":158,"type":"binary-expr","locations":[{"start":{"line":158,"column":45},"end":{"line":158,"column":79},"skip":true},{"start":{"line":158,"column":83},"end":{"line":167,"column":9},"skip":true}]},"16":{"line":169,"type":"binary-expr","locations":[{"start":{"line":169,"column":43},"end":{"line":169,"column":75},"skip":true},{"start":{"line":169,"column":79},"end":{"line":178,"column":9},"skip":true}]},"17":{"line":180,"type":"binary-expr","locations":[{"start":{"line":180,"column":41},"end":{"line":180,"column":71},"skip":true},{"start":{"line":180,"column":75},"end":{"line":189,"column":9},"skip":true}]}},"code":["/* istanbul instrument in package npmtest_jsonapify */","/*jslint","    bitwise: true,","    browser: true,","    maxerr: 8,","    maxlen: 96,","    node: true,","    nomen: true,","    regexp: true,","    stupid: true","*/","(function () {","    'use strict';","    var local;","","","","    // run shared js-env code - pre-init","    (function () {","        // init local","        local = {};","        // init modeJs","        local.modeJs = (function () {","            try {","                return typeof navigator.userAgent === 'string' &&","                    typeof document.querySelector('body') === 'object' &&","                    typeof XMLHttpRequest.prototype.open === 'function' &&","                    'browser';","            } catch (errorCaughtBrowser) {","                return module.exports &&","                    typeof process.versions.node === 'string' &&","                    typeof require('http').createServer === 'function' &&","                    'node';","            }","        }());","        // init global","        local.global = local.modeJs === 'browser'","            ? window","            : global;","        switch (local.modeJs) {","        // re-init local from window.local","        case 'browser':","            local = local.global.utility2.objectSetDefault(","                local.global.utility2_rollup || local.global.local,","                local.global.utility2","            );","            break;","        // re-init local from example.js","        case 'node':","            local = (local.global.utility2_rollup || require('utility2'))","                .requireReadme();","            break;","        }","        // export local","        local.global.local = local;","    }());","","","","    // run shared js-env code - function","    (function () {","        return;","    }());","    switch (local.modeJs) {","","","","    // run browser js-env code - function","    case 'browser':","        break;","","","","    // run node js-env code - function","    case 'node':","        break;","    }","","","","    // run shared js-env code - post-init","    (function () {","        return;","    }());","    switch (local.modeJs) {","","","","    // run browser js-env code - post-init","    case 'browser':","        local.testCase_browser_nullCase = local.testCase_browser_nullCase || function (","            options,","            onError","        ) {","        /*","         * this function will test browsers's null-case handling-behavior-behavior","         */","            onError(null, options);","        };","","        // run tests","        local.nop(local.modeTest &&","            document.querySelector('#testRunButton1') &&","            document.querySelector('#testRunButton1').click());","        break;","","","","    // run node js-env code - post-init","    /* istanbul ignore next */","    case 'node':","        local.testCase_buildApidoc_default = local.testCase_buildApidoc_default || function (","            options,","            onError","        ) {","        /*","         * this function will test buildApidoc's default handling-behavior-behavior","         */","            options = { modulePathList: module.paths };","            local.buildApidoc(options, onError);","        };","","        local.testCase_buildApp_default = local.testCase_buildApp_default || function (","            options,","            onError","        ) {","        /*","         * this function will test buildApp's default handling-behavior-behavior","         */","            local.testCase_buildReadme_default(options, local.onErrorThrow);","            local.testCase_buildLib_default(options, local.onErrorThrow);","            local.testCase_buildTest_default(options, local.onErrorThrow);","            local.testCase_buildCustomOrg_default(options, local.onErrorThrow);","            options = [];","            local.buildApp(options, onError);","        };","","        local.testCase_buildCustomOrg_default = local.testCase_buildCustomOrg_default ||","            function (options, onError) {","            /*","             * this function will test buildCustomOrg's default handling-behavior","             */","                options = {};","                local.buildCustomOrg(options, onError);","            };","","        local.testCase_buildLib_default = local.testCase_buildLib_default || function (","            options,","            onError","        ) {","        /*","         * this function will test buildLib's default handling-behavior","         */","            options = {};","            local.buildLib(options, onError);","        };","","        local.testCase_buildReadme_default = local.testCase_buildReadme_default || function (","            options,","            onError","        ) {","        /*","         * this function will test buildReadme's default handling-behavior-behavior","         */","            options = {};","            local.buildReadme(options, onError);","        };","","        local.testCase_buildTest_default = local.testCase_buildTest_default || function (","            options,","            onError","        ) {","        /*","         * this function will test buildTest's default handling-behavior","         */","            options = {};","            local.buildTest(options, onError);","        };","","        local.testCase_webpage_default = local.testCase_webpage_default || function (","            options,","            onError","        ) {","        /*","         * this function will test webpage's default handling-behavior","         */","            options = { modeCoverageMerge: true, url: local.serverLocalHost + '?modeTest=1' };","            local.browserTest(options, onError);","        };","","        // run test-server","        local.testRunServer(local);","        break;","    }","}());",""],"l":{"12":2,"14":2,"19":2,"21":2,"23":2,"24":2,"25":2,"30":1,"37":2,"40":2,"43":1,"47":1,"50":1,"52":1,"55":2,"61":2,"62":2,"64":2,"70":1,"76":1,"82":2,"83":2,"85":2,"91":1,"98":1,"102":1,"105":1,"112":1,"119":1,"120":1,"123":1,"130":1,"131":1,"132":1,"133":1,"134":1,"135":1,"138":1,"143":2,"144":2,"147":1,"154":2,"155":2,"158":1,"165":2,"166":2,"169":1,"176":2,"177":2,"180":1,"187":1,"188":1,"192":1,"193":1}},"/home/travis/build/npmtest/node-npmtest-jsonapify/lib.npmtest_jsonapify.js":{"path":"/home/travis/build/npmtest/node-npmtest-jsonapify/lib.npmtest_jsonapify.js","s":{"1":2,"2":2,"3":2,"4":2,"5":2,"6":2,"7":2,"8":1,"9":2,"10":2,"11":2,"12":2,"13":1,"14":1,"15":1,"16":1},"b":{"1":[2,1,1,1],"2":[1,1,1,1],"3":[1,1],"4":[2,2],"5":[1,1]},"f":{"1":2,"2":2,"3":2},"fnMap":{"1":{"name":"(anonymous_1)","line":12,"loc":{"start":{"line":12,"column":1},"end":{"line":12,"column":13}}},"2":{"name":"(anonymous_2)","line":19,"loc":{"start":{"line":19,"column":5},"end":{"line":19,"column":17}}},"3":{"name":"(anonymous_3)","line":23,"loc":{"start":{"line":23,"column":24},"end":{"line":23,"column":36}}}},"statementMap":{"1":{"start":{"line":12,"column":0},"end":{"line":53,"column":5}},"2":{"start":{"line":14,"column":4},"end":{"line":14,"column":14}},"3":{"start":{"line":19,"column":4},"end":{"line":52,"column":9}},"4":{"start":{"line":21,"column":8},"end":{"line":21,"column":19}},"5":{"start":{"line":23,"column":8},"end":{"line":35,"column":13}},"6":{"start":{"line":24,"column":12},"end":{"line":34,"column":13}},"7":{"start":{"line":25,"column":16},"end":{"line":28,"column":30}},"8":{"start":{"line":30,"column":16},"end":{"line":33,"column":27}},"9":{"start":{"line":37,"column":8},"end":{"line":39,"column":21}},"10":{"start":{"line":41,"column":8},"end":{"line":41,"column":54}},"11":{"start":{"line":43,"column":8},"end":{"line":43,"column":54}},"12":{"start":{"line":45,"column":8},"end":{"line":51,"column":9}},"13":{"start":{"line":46,"column":12},"end":{"line":46,"column":60}},"14":{"start":{"line":48,"column":12},"end":{"line":48,"column":35}},"15":{"start":{"line":49,"column":12},"end":{"line":49,"column":49}},"16":{"start":{"line":50,"column":12},"end":{"line":50,"column":43}}},"branchMap":{"1":{"line":25,"type":"binary-expr","locations":[{"start":{"line":25,"column":23},"end":{"line":25,"column":62}},{"start":{"line":26,"column":20},"end":{"line":26,"column":70}},{"start":{"line":27,"column":20},"end":{"line":27,"column":71}},{"start":{"line":28,"column":20},"end":{"line":28,"column":29}}]},"2":{"line":30,"type":"binary-expr","locations":[{"start":{"line":30,"column":23},"end":{"line":30,"column":37}},{"start":{"line":31,"column":20},"end":{"line":31,"column":61}},{"start":{"line":32,"column":20},"end":{"line":32,"column":70}},{"start":{"line":33,"column":20},"end":{"line":33,"column":26}}]},"3":{"line":37,"type":"cond-expr","locations":[{"start":{"line":38,"column":14},"end":{"line":38,"column":20}},{"start":{"line":39,"column":14},"end":{"line":39,"column":20}}]},"4":{"line":41,"type":"binary-expr","locations":[{"start":{"line":41,"column":16},"end":{"line":41,"column":44}},{"start":{"line":41,"column":48},"end":{"line":41,"column":53}}]},"5":{"line":45,"type":"if","locations":[{"start":{"line":45,"column":8},"end":{"line":45,"column":8}},{"start":{"line":45,"column":8},"end":{"line":45,"column":8}}]}},"code":["/* istanbul instrument in package npmtest_jsonapify */","/*jslint","    bitwise: true,","    browser: true,","    maxerr: 8,","    maxlen: 96,","    node: true,","    nomen: true,","    regexp: true,","    stupid: true","*/","(function () {","    'use strict';","    var local;","","","","    // run shared js-env code - pre-init","    (function () {","        // init local","        local = {};","        // init modeJs","        local.modeJs = (function () {","            try {","                return typeof navigator.userAgent === 'string' &&","                    typeof document.querySelector('body') === 'object' &&","                    typeof XMLHttpRequest.prototype.open === 'function' &&","                    'browser';","            } catch (errorCaughtBrowser) {","                return module.exports &&","                    typeof process.versions.node === 'string' &&","                    typeof require('http').createServer === 'function' &&","                    'node';","            }","        }());","        // init global","        local.global = local.modeJs === 'browser'","            ? window","            : global;","        // init utility2_rollup","        local = local.global.utility2_rollup || local;","        // init lib","        local.local = local.npmtest_jsonapify = local;","        // init exports","        if (local.modeJs === 'browser') {","            local.global.utility2_npmtest_jsonapify = local;","        } else {","            module.exports = local;","            module.exports.__dirname = __dirname;","            module.exports.module = module;","        }","    }());","}());",""],"l":{"12":2,"14":2,"19":2,"21":2,"23":2,"24":2,"25":2,"30":1,"37":2,"41":2,"43":2,"45":2,"46":1,"48":1,"49":1,"50":1}},"/home/travis/build/npmtest/node-npmtest-jsonapify/example.js":{"path":"/home/travis/build/npmtest/node-npmtest-jsonapify/example.js","s":{"1":2,"2":2,"3":2,"4":2,"5":2,"6":2,"7":2,"8":1,"9":2,"10":2,"11":2,"12":2,"13":1,"14":2,"15":2,"16":2,"17":2,"18":2,"19":0,"20":2,"21":1,"22":1,"23":1,"24":1,"25":1,"26":0,"27":0,"28":1,"29":1,"30":2,"31":0,"32":0,"33":0,"34":1,"35":2,"36":2,"37":3,"38":3,"39":3,"40":3,"41":0,"42":3,"43":3,"44":3,"45":1,"46":3,"47":1,"48":1,"49":1,"50":1,"51":1,"52":1,"53":1,"54":1,"55":1,"56":1,"57":0,"58":1,"59":6,"60":6,"61":1,"62":2,"63":0,"64":2,"65":1,"66":1,"67":0,"68":0,"69":0,"70":0,"71":0,"72":0,"73":0,"74":0,"75":0,"76":0,"77":0,"78":0,"79":0,"80":0,"81":0,"82":0,"83":0},"b":{"1":[2,1,1,1],"2":[1,1,1,1],"3":[1,1],"4":[2,2],"5":[1,1],"6":[1,1],"7":[2,0],"8":[2,1,1,1,1,1],"9":[0,2,0],"10":[1,1],"11":[2,1,1],"12":[1,0],"13":[0,2],"14":[2,0,0,0,0,0,0],"15":[0,3],"16":[3,0],"17":[1,1],"18":[0,1],"19":[1,2,0,2],"20":[1,0],"21":[1,1],"22":[0,0],"23":[0,0],"24":[0,0],"25":[0,0],"26":[0,0],"27":[0,0],"28":[0,0]},"f":{"1":2,"2":2,"3":2,"4":2,"5":2,"6":2,"7":3,"8":3,"9":3,"10":1,"11":6,"12":0},"fnMap":{"1":{"name":"(anonymous_1)","line":26,"loc":{"start":{"line":26,"column":1},"end":{"line":26,"column":13}}},"2":{"name":"(anonymous_2)","line":33,"loc":{"start":{"line":33,"column":5},"end":{"line":33,"column":17}}},"3":{"name":"(anonymous_3)","line":37,"loc":{"start":{"line":37,"column":24},"end":{"line":37,"column":36}}},"4":{"name":"(anonymous_4)","line":69,"loc":{"start":{"line":69,"column":31},"end":{"line":69,"column":48}},"skip":true},"5":{"name":"(anonymous_5)","line":78,"loc":{"start":{"line":78,"column":26},"end":{"line":78,"column":45}},"skip":true},"6":{"name":"(anonymous_6)","line":123,"loc":{"start":{"line":123,"column":33},"end":{"line":123,"column":48}},"skip":true},"7":{"name":"(anonymous_7)","line":125,"loc":{"start":{"line":125,"column":27},"end":{"line":125,"column":39}},"skip":true},"8":{"name":"(anonymous_8)","line":133,"loc":{"start":{"line":133,"column":59},"end":{"line":133,"column":74}},"skip":true},"9":{"name":"(anonymous_9)","line":143,"loc":{"start":{"line":143,"column":45},"end":{"line":143,"column":62}},"skip":true},"10":{"name":"(anonymous_10)","line":144,"loc":{"start":{"line":144,"column":73},"end":{"line":144,"column":92}},"skip":true},"11":{"name":"(anonymous_11)","line":272,"loc":{"start":{"line":272,"column":51},"end":{"line":272,"column":77}},"skip":true},"12":{"name":"(anonymous_12)","line":315,"loc":{"start":{"line":315,"column":32},"end":{"line":315,"column":61}},"skip":true}},"statementMap":{"1":{"start":{"line":26,"column":0},"end":{"line":326,"column":5}},"2":{"start":{"line":28,"column":4},"end":{"line":28,"column":14}},"3":{"start":{"line":33,"column":4},"end":{"line":60,"column":9}},"4":{"start":{"line":35,"column":8},"end":{"line":35,"column":19}},"5":{"start":{"line":37,"column":8},"end":{"line":49,"column":13}},"6":{"start":{"line":38,"column":12},"end":{"line":48,"column":13}},"7":{"start":{"line":39,"column":16},"end":{"line":42,"column":30}},"8":{"start":{"line":44,"column":16},"end":{"line":47,"column":27}},"9":{"start":{"line":51,"column":8},"end":{"line":53,"column":21}},"10":{"start":{"line":55,"column":8},"end":{"line":57,"column":45}},"11":{"start":{"line":59,"column":8},"end":{"line":59,"column":35}},"12":{"start":{"line":61,"column":4},"end":{"line":325,"column":5}},"13":{"start":{"line":69,"column":8},"end":{"line":121,"column":10},"skip":true},"14":{"start":{"line":70,"column":12},"end":{"line":88,"column":13},"skip":true},"15":{"start":{"line":76,"column":16},"end":{"line":87,"column":19},"skip":true},"16":{"start":{"line":79,"column":20},"end":{"line":86,"column":21},"skip":true},"17":{"start":{"line":82,"column":24},"end":{"line":82,"column":43},"skip":true},"18":{"start":{"line":83,"column":24},"end":{"line":83,"column":30},"skip":true},"19":{"start":{"line":85,"column":24},"end":{"line":85,"column":49},"skip":true},"20":{"start":{"line":89,"column":12},"end":{"line":107,"column":13},"skip":true},"21":{"start":{"line":92,"column":16},"end":{"line":102,"column":17},"skip":true},"22":{"start":{"line":93,"column":20},"end":{"line":93,"column":86},"skip":true},"23":{"start":{"line":94,"column":20},"end":{"line":95,"column":45},"skip":true},"24":{"start":{"line":96,"column":20},"end":{"line":96,"column":42},"skip":true},"25":{"start":{"line":97,"column":20},"end":{"line":97,"column":48},"skip":true},"26":{"start":{"line":100,"column":20},"end":{"line":100,"column":85},"skip":true},"27":{"start":{"line":101,"column":20},"end":{"line":101,"column":96},"skip":true},"28":{"start":{"line":103,"column":16},"end":{"line":103,"column":22},"skip":true},"29":{"start":{"line":106,"column":16},"end":{"line":106,"column":22},"skip":true},"30":{"start":{"line":108,"column":12},"end":{"line":120,"column":13},"skip":true},"31":{"start":{"line":114,"column":16},"end":{"line":119,"column":17},"skip":true},"32":{"start":{"line":116,"column":20},"end":{"line":116,"column":78},"skip":true},"33":{"start":{"line":118,"column":20},"end":{"line":118,"column":47},"skip":true},"34":{"start":{"line":123,"column":8},"end":{"line":141,"column":11},"skip":true},"35":{"start":{"line":124,"column":12},"end":{"line":124,"column":54},"skip":true},"36":{"start":{"line":125,"column":12},"end":{"line":140,"column":14},"skip":true},"37":{"start":{"line":126,"column":16},"end":{"line":126,"column":28},"skip":true},"38":{"start":{"line":127,"column":16},"end":{"line":127,"column":69},"skip":true},"39":{"start":{"line":128,"column":16},"end":{"line":128,"column":75},"skip":true},"40":{"start":{"line":129,"column":16},"end":{"line":131,"column":17},"skip":true},"41":{"start":{"line":130,"column":20},"end":{"line":130,"column":27},"skip":true},"42":{"start":{"line":133,"column":16},"end":{"line":137,"column":36},"skip":true},"43":{"start":{"line":134,"column":20},"end":{"line":136,"column":55},"skip":true},"44":{"start":{"line":139,"column":16},"end":{"line":139,"column":57},"skip":true},"45":{"start":{"line":143,"column":8},"end":{"line":147,"column":11},"skip":true},"46":{"start":{"line":144,"column":12},"end":{"line":146,"column":15},"skip":true},"47":{"start":{"line":145,"column":16},"end":{"line":145,"column":70},"skip":true},"48":{"start":{"line":149,"column":8},"end":{"line":149,"column":31},"skip":true},"49":{"start":{"line":150,"column":8},"end":{"line":150,"column":14},"skip":true},"50":{"start":{"line":158,"column":8},"end":{"line":158,"column":31},"skip":true},"51":{"start":{"line":160,"column":8},"end":{"line":160,"column":33},"skip":true},"52":{"start":{"line":161,"column":8},"end":{"line":161,"column":37},"skip":true},"53":{"start":{"line":162,"column":8},"end":{"line":162,"column":35},"skip":true},"54":{"start":{"line":164,"column":8},"end":{"line":164,"column":50},"skip":true},"55":{"start":{"line":166,"column":8},"end":{"line":256,"column":2},"skip":true},"56":{"start":{"line":258,"column":8},"end":{"line":286,"column":9},"skip":true},"57":{"start":{"line":259,"column":12},"end":{"line":269,"column":14},"skip":true},"58":{"start":{"line":271,"column":12},"end":{"line":285,"column":19},"skip":true},"59":{"start":{"line":274,"column":20},"end":{"line":274,"column":35},"skip":true},"60":{"start":{"line":275,"column":20},"end":{"line":284,"column":21},"skip":true},"61":{"start":{"line":277,"column":24},"end":{"line":277,"column":64},"skip":true},"62":{"start":{"line":279,"column":24},"end":{"line":279,"column":40},"skip":true},"63":{"start":{"line":281,"column":24},"end":{"line":281,"column":40},"skip":true},"64":{"start":{"line":283,"column":24},"end":{"line":283,"column":39},"skip":true},"65":{"start":{"line":288,"column":8},"end":{"line":290,"column":9},"skip":true},"66":{"start":{"line":289,"column":12},"end":{"line":289,"column":18},"skip":true},"67":{"start":{"line":291,"column":8},"end":{"line":293,"column":54},"skip":true},"68":{"start":{"line":296,"column":8},"end":{"line":301,"column":37},"skip":true},"69":{"start":{"line":303,"column":8},"end":{"line":303,"column":82},"skip":true},"70":{"start":{"line":306,"column":8},"end":{"line":308,"column":9},"skip":true},"71":{"start":{"line":307,"column":12},"end":{"line":307,"column":82},"skip":true},"72":{"start":{"line":310,"column":8},"end":{"line":312,"column":9},"skip":true},"73":{"start":{"line":311,"column":12},"end":{"line":311,"column":18},"skip":true},"74":{"start":{"line":313,"column":8},"end":{"line":313,"column":54},"skip":true},"75":{"start":{"line":314,"column":8},"end":{"line":314,"column":69},"skip":true},"76":{"start":{"line":315,"column":8},"end":{"line":323,"column":36},"skip":true},"77":{"start":{"line":316,"column":12},"end":{"line":316,"column":61},"skip":true},"78":{"start":{"line":317,"column":12},"end":{"line":320,"column":13},"skip":true},"79":{"start":{"line":318,"column":16},"end":{"line":318,"column":75},"skip":true},"80":{"start":{"line":319,"column":16},"end":{"line":319,"column":23},"skip":true},"81":{"start":{"line":321,"column":12},"end":{"line":321,"column":38},"skip":true},"82":{"start":{"line":322,"column":12},"end":{"line":322,"column":27},"skip":true},"83":{"start":{"line":324,"column":8},"end":{"line":324,"column":14},"skip":true}},"branchMap":{"1":{"line":39,"type":"binary-expr","locations":[{"start":{"line":39,"column":23},"end":{"line":39,"column":62}},{"start":{"line":40,"column":20},"end":{"line":40,"column":70}},{"start":{"line":41,"column":20},"end":{"line":41,"column":71}},{"start":{"line":42,"column":20},"end":{"line":42,"column":29}}]},"2":{"line":44,"type":"binary-expr","locations":[{"start":{"line":44,"column":23},"end":{"line":44,"column":37}},{"start":{"line":45,"column":20},"end":{"line":45,"column":61}},{"start":{"line":46,"column":20},"end":{"line":46,"column":70}},{"start":{"line":47,"column":20},"end":{"line":47,"column":26}}]},"3":{"line":51,"type":"cond-expr","locations":[{"start":{"line":52,"column":14},"end":{"line":52,"column":20}},{"start":{"line":53,"column":14},"end":{"line":53,"column":20}}]},"4":{"line":55,"type":"binary-expr","locations":[{"start":{"line":55,"column":16},"end":{"line":55,"column":44}},{"start":{"line":55,"column":49},"end":{"line":57,"column":43}}]},"5":{"line":55,"type":"cond-expr","locations":[{"start":{"line":56,"column":14},"end":{"line":56,"column":53}},{"start":{"line":57,"column":14},"end":{"line":57,"column":43}}]},"6":{"line":61,"type":"switch","locations":[{"start":{"line":68,"column":4},"end":{"line":150,"column":14},"skip":true},{"start":{"line":156,"column":4},"end":{"line":324,"column":14},"skip":true}]},"7":{"line":70,"type":"if","locations":[{"start":{"line":70,"column":12},"end":{"line":70,"column":12},"skip":true},{"start":{"line":70,"column":12},"end":{"line":70,"column":12},"skip":true}]},"8":{"line":70,"type":"binary-expr","locations":[{"start":{"line":70,"column":16},"end":{"line":70,"column":22},"skip":true},{"start":{"line":70,"column":27},"end":{"line":70,"column":32},"skip":true},{"start":{"line":71,"column":20},"end":{"line":71,"column":39},"skip":true},{"start":{"line":72,"column":20},"end":{"line":72,"column":49},"skip":true},{"start":{"line":73,"column":20},"end":{"line":73,"column":58},"skip":true},{"start":{"line":74,"column":20},"end":{"line":74,"column":69},"skip":true}]},"9":{"line":79,"type":"switch","locations":[{"start":{"line":80,"column":20},"end":{"line":80,"column":33},"skip":true},{"start":{"line":81,"column":20},"end":{"line":83,"column":30},"skip":true},{"start":{"line":84,"column":20},"end":{"line":85,"column":49},"skip":true}]},"10":{"line":89,"type":"switch","locations":[{"start":{"line":90,"column":12},"end":{"line":103,"column":22},"skip":true},{"start":{"line":105,"column":12},"end":{"line":106,"column":22},"skip":true}]},"11":{"line":89,"type":"binary-expr","locations":[{"start":{"line":89,"column":20},"end":{"line":89,"column":25},"skip":true},{"start":{"line":89,"column":29},"end":{"line":89,"column":48},"skip":true},{"start":{"line":89,"column":52},"end":{"line":89,"column":74},"skip":true}]},"12":{"line":92,"type":"if","locations":[{"start":{"line":92,"column":16},"end":{"line":92,"column":16},"skip":true},{"start":{"line":92,"column":16},"end":{"line":92,"column":16},"skip":true}]},"13":{"line":108,"type":"if","locations":[{"start":{"line":108,"column":12},"end":{"line":108,"column":12},"skip":true},{"start":{"line":108,"column":12},"end":{"line":108,"column":12},"skip":true}]},"14":{"line":108,"type":"binary-expr","locations":[{"start":{"line":108,"column":16},"end":{"line":108,"column":61},"skip":true},{"start":{"line":108,"column":66},"end":{"line":108,"column":72},"skip":true},{"start":{"line":108,"column":77},"end":{"line":108,"column":82},"skip":true},{"start":{"line":109,"column":20},"end":{"line":109,"column":39},"skip":true},{"start":{"line":110,"column":20},"end":{"line":110,"column":49},"skip":true},{"start":{"line":111,"column":20},"end":{"line":111,"column":58},"skip":true},{"start":{"line":112,"column":20},"end":{"line":112,"column":68},"skip":true}]},"15":{"line":129,"type":"if","locations":[{"start":{"line":129,"column":16},"end":{"line":129,"column":16},"skip":true},{"start":{"line":129,"column":16},"end":{"line":129,"column":16},"skip":true}]},"16":{"line":134,"type":"cond-expr","locations":[{"start":{"line":135,"column":26},"end":{"line":135,"column":29},"skip":true},{"start":{"line":136,"column":26},"end":{"line":136,"column":54},"skip":true}]},"17":{"line":164,"type":"binary-expr","locations":[{"start":{"line":164,"column":27},"end":{"line":164,"column":43},"skip":true},{"start":{"line":164,"column":47},"end":{"line":164,"column":49},"skip":true}]},"18":{"line":258,"type":"if","locations":[{"start":{"line":258,"column":8},"end":{"line":258,"column":8},"skip":true},{"start":{"line":258,"column":8},"end":{"line":258,"column":8},"skip":true}]},"19":{"line":275,"type":"switch","locations":[{"start":{"line":276,"column":20},"end":{"line":277,"column":64},"skip":true},{"start":{"line":278,"column":20},"end":{"line":279,"column":40},"skip":true},{"start":{"line":280,"column":20},"end":{"line":281,"column":40},"skip":true},{"start":{"line":282,"column":20},"end":{"line":283,"column":39},"skip":true}]},"20":{"line":288,"type":"if","locations":[{"start":{"line":288,"column":8},"end":{"line":288,"column":8},"skip":true},{"start":{"line":288,"column":8},"end":{"line":288,"column":8},"skip":true}]},"21":{"line":288,"type":"binary-expr","locations":[{"start":{"line":288,"column":12},"end":{"line":288,"column":40},"skip":true},{"start":{"line":288,"column":44},"end":{"line":288,"column":67},"skip":true}]},"22":{"line":292,"type":"binary-expr","locations":[{"start":{"line":292,"column":12},"end":{"line":292,"column":50},"skip":true},{"start":{"line":293,"column":12},"end":{"line":293,"column":53},"skip":true}]},"23":{"line":297,"type":"binary-expr","locations":[{"start":{"line":297,"column":12},"end":{"line":297,"column":67},"skip":true},{"start":{"line":298,"column":12},"end":{"line":301,"column":36},"skip":true}]},"24":{"line":303,"type":"binary-expr","locations":[{"start":{"line":303,"column":43},"end":{"line":303,"column":75},"skip":true},{"start":{"line":303,"column":79},"end":{"line":303,"column":81},"skip":true}]},"25":{"line":306,"type":"if","locations":[{"start":{"line":306,"column":8},"end":{"line":306,"column":8},"skip":true},{"start":{"line":306,"column":8},"end":{"line":306,"column":8},"skip":true}]},"26":{"line":310,"type":"if","locations":[{"start":{"line":310,"column":8},"end":{"line":310,"column":8},"skip":true},{"start":{"line":310,"column":8},"end":{"line":310,"column":8},"skip":true}]},"27":{"line":313,"type":"binary-expr","locations":[{"start":{"line":313,"column":27},"end":{"line":313,"column":43},"skip":true},{"start":{"line":313,"column":47},"end":{"line":313,"column":53},"skip":true}]},"28":{"line":317,"type":"if","locations":[{"start":{"line":317,"column":12},"end":{"line":317,"column":12},"skip":true},{"start":{"line":317,"column":12},"end":{"line":317,"column":12},"skip":true}]}},"code":["/*","example.js","","quickstart example","","instruction","    1. save this script as example.js","    2. run the shell command:","        $ npm install npmtest-jsonapify && PORT=8081 node example.js","    3. play with the browser-demo on http://127.0.0.1:8081","*/","","","","/* istanbul instrument in package npmtest_jsonapify */","/*jslint","    bitwise: true,","    browser: true,","    maxerr: 8,","    maxlen: 96,","    node: true,","    nomen: true,","    regexp: true,","    stupid: true","*/","(function () {","    'use strict';","    var local;","","","","    // run shared js-env code - pre-init","    (function () {","        // init local","        local = {};","        // init modeJs","        local.modeJs = (function () {","            try {","                return typeof navigator.userAgent === 'string' &&","                    typeof document.querySelector('body') === 'object' &&","                    typeof XMLHttpRequest.prototype.open === 'function' &&","                    'browser';","            } catch (errorCaughtBrowser) {","                return module.exports &&","                    typeof process.versions.node === 'string' &&","                    typeof require('http').createServer === 'function' &&","                    'node';","            }","        }());","        // init global","        local.global = local.modeJs === 'browser'","            ? window","            : global;","        // init utility2_rollup","        local = local.global.utility2_rollup || (local.modeJs === 'browser'","            ? local.global.utility2_npmtest_jsonapify","            : global.utility2_moduleExports);","        // export local","        local.global.local = local;","    }());","    switch (local.modeJs) {","","","","    // post-init","    // run browser js-env code - post-init","    /* istanbul ignore next */","    case 'browser':","        local.testRunBrowser = function (event) {","            if (!event || (event &&","                    event.currentTarget &&","                    event.currentTarget.className &&","                    event.currentTarget.className.includes &&","                    event.currentTarget.className.includes('onreset'))) {","                // reset output","                Array.from(","                    document.querySelectorAll('body > .resettable')","                ).forEach(function (element) {","                    switch (element.tagName) {","                    case 'INPUT':","                    case 'TEXTAREA':","                        element.value = '';","                        break;","                    default:","                        element.textContent = '';","                    }","                });","            }","            switch (event && event.currentTarget && event.currentTarget.id) {","            case 'testRunButton1':","                // show tests","                if (document.querySelector('#testReportDiv1').style.display === 'none') {","                    document.querySelector('#testReportDiv1').style.display = 'block';","                    document.querySelector('#testRunButton1').textContent =","                        'hide internal test';","                    local.modeTest = true;","                    local.testRunDefault(local);","                // hide tests","                } else {","                    document.querySelector('#testReportDiv1').style.display = 'none';","                    document.querySelector('#testRunButton1').textContent = 'run internal test';","                }","                break;","            // custom-case","            default:","                break;","            }","            if (document.querySelector('#inputTextareaEval1') && (!event || (event &&","                    event.currentTarget &&","                    event.currentTarget.className &&","                    event.currentTarget.className.includes &&","                    event.currentTarget.className.includes('oneval')))) {","                // try to eval input-code","                try {","                    /*jslint evil: true*/","                    eval(document.querySelector('#inputTextareaEval1').value);","                } catch (errorCaught) {","                    console.error(errorCaught);","                }","            }","        };","        // log stderr and stdout to #outputTextareaStdout1","        ['error', 'log'].forEach(function (key) {","            console[key + '_original'] = console[key];","            console[key] = function () {","                var element;","                console[key + '_original'].apply(console, arguments);","                element = document.querySelector('#outputTextareaStdout1');","                if (!element) {","                    return;","                }","                // append text to #outputTextareaStdout1","                element.value += Array.from(arguments).map(function (arg) {","                    return typeof arg === 'string'","                        ? arg","                        : JSON.stringify(arg, null, 4);","                }).join(' ') + '\\n';","                // scroll textarea to bottom","                element.scrollTop = element.scrollHeight;","            };","        });","        // init event-handling","        ['change', 'click', 'keyup'].forEach(function (event) {","            Array.from(document.querySelectorAll('.on' + event)).forEach(function (element) {","                element.addEventListener(event, local.testRunBrowser);","            });","        });","        // run tests","        local.testRunBrowser();","        break;","","","","    // run node js-env code - post-init","    /* istanbul ignore next */","    case 'node':","        // export local","        module.exports = local;","        // require modules","        local.fs = require('fs');","        local.http = require('http');","        local.url = require('url');","        // init assets","        local.assetsDict = local.assetsDict || {};","        /* jslint-ignore-begin */","        local.assetsDict['/assets.index.template.html'] = '\\","<!doctype html>\\n\\","<html lang=\"en\">\\n\\","<head>\\n\\","<meta charset=\"UTF-8\">\\n\\","<meta name=\"viewport\" content=\"width=device-width, initial-scale=1\">\\n\\","<title>{{env.npm_package_name}} (v{{env.npm_package_version}})</title>\\n\\","<style>\\n\\","/*csslint\\n\\","    box-sizing: false,\\n\\","    universal-selector: false\\n\\","*/\\n\\","* {\\n\\","    box-sizing: border-box;\\n\\","}\\n\\","body {\\n\\","    background: #dde;\\n\\","    font-family: Arial, Helvetica, sans-serif;\\n\\","    margin: 2rem;\\n\\","}\\n\\","body > * {\\n\\","    margin-bottom: 1rem;\\n\\","}\\n\\",".utility2FooterDiv {\\n\\","    margin-top: 20px;\\n\\","    text-align: center;\\n\\","}\\n\\","</style>\\n\\","<style>\\n\\","/*csslint\\n\\","*/\\n\\","textarea {\\n\\","    font-family: monospace;\\n\\","    height: 10rem;\\n\\","    width: 100%;\\n\\","}\\n\\","textarea[readonly] {\\n\\","    background: #ddd;\\n\\","}\\n\\","</style>\\n\\","</head>\\n\\","<body>\\n\\","<!-- utility2-comment\\n\\","<div id=\"ajaxProgressDiv1\" style=\"background: #d00; height: 2px; left: 0; margin: 0; padding: 0; position: fixed; top: 0; transition: background 0.5s, width 1.5s; width: 25%;\"></div>\\n\\","utility2-comment -->\\n\\","<h1>\\n\\","<!-- utility2-comment\\n\\","    <a\\n\\","        {{#if env.npm_package_homepage}}\\n\\","        href=\"{{env.npm_package_homepage}}\"\\n\\","        {{/if env.npm_package_homepage}}\\n\\","        target=\"_blank\"\\n\\","    >\\n\\","utility2-comment -->\\n\\","        {{env.npm_package_name}} (v{{env.npm_package_version}})\\n\\","<!-- utility2-comment\\n\\","    </a>\\n\\","utility2-comment -->\\n\\","</h1>\\n\\","<h3>{{env.npm_package_description}}</h3>\\n\\","<!-- utility2-comment\\n\\","<h4><a download href=\"assets.app.js\">download standalone app</a></h4>\\n\\","<button class=\"onclick onreset\" id=\"testRunButton1\">run internal test</button><br>\\n\\","<div id=\"testReportDiv1\" style=\"display: none;\"></div>\\n\\","utility2-comment -->\\n\\","\\n\\","\\n\\","\\n\\","<label>stderr and stdout</label>\\n\\","<textarea class=\"resettable\" id=\"outputTextareaStdout1\" readonly></textarea>\\n\\","<!-- utility2-comment\\n\\","{{#if isRollup}}\\n\\","<script src=\"assets.app.js\"></script>\\n\\","{{#unless isRollup}}\\n\\","utility2-comment -->\\n\\","<script src=\"assets.utility2.rollup.js\"></script>\\n\\","<script src=\"jsonp.utility2._stateInit?callback=window.utility2._stateInit\"></script>\\n\\","<script src=\"assets.npmtest_jsonapify.rollup.js\"></script>\\n\\","<script src=\"assets.example.js\"></script>\\n\\","<script src=\"assets.test.js\"></script>\\n\\","<!-- utility2-comment\\n\\","{{/if isRollup}}\\n\\","utility2-comment -->\\n\\","<div class=\"utility2FooterDiv\">\\n\\","    [ this app was created with\\n\\","    <a href=\"https://github.com/kaizhu256/node-utility2\" target=\"_blank\">utility2</a>\\n\\","    ]\\n\\","</div>\\n\\","</body>\\n\\","</html>\\n\\","';","        /* jslint-ignore-end */","        if (local.templateRender) {","            local.assetsDict['/'] = local.templateRender(","                local.assetsDict['/assets.index.template.html'],","                {","                    env: local.objectSetDefault(local.env, {","                        npm_package_description: 'the greatest app in the world!',","                        npm_package_name: 'my-app',","                        npm_package_nameAlias: 'my_app',","                        npm_package_version: '0.0.1'","                    })","                }","            );","        } else {","            local.assetsDict['/'] = local.assetsDict['/assets.index.template.html']","                .replace((/\\{\\{env\\.(\\w+?)\\}\\}/g), function (match0, match1) {","                    // jslint-hack","                    String(match0);","                    switch (match1) {","                    case 'npm_package_description':","                        return 'the greatest app in the world!';","                    case 'npm_package_name':","                        return 'my-app';","                    case 'npm_package_nameAlias':","                        return 'my_app';","                    case 'npm_package_version':","                        return '0.0.1';","                    }","                });","        }","        // run the cli","        if (local.global.utility2_rollup || module !== require.main) {","            break;","        }","        local.assetsDict['/assets.example.js'] =","            local.assetsDict['/assets.example.js'] ||","            local.fs.readFileSync(__filename, 'utf8');","        // bug-workaround - long $npm_package_buildCustomOrg","        /* jslint-ignore-begin */","        local.assetsDict['/assets.npmtest_jsonapify.rollup.js'] =","            local.assetsDict['/assets.npmtest_jsonapify.rollup.js'] ||","            local.fs.readFileSync(","                local.npmtest_jsonapify.__dirname + '/lib.npmtest_jsonapify.js',","                'utf8'","            ).replace((/^#!/), '//');","        /* jslint-ignore-end */","        local.assetsDict['/favicon.ico'] = local.assetsDict['/favicon.ico'] || '';","        // if $npm_config_timeout_exit exists,","        // then exit this process after $npm_config_timeout_exit ms","        if (Number(process.env.npm_config_timeout_exit)) {","            setTimeout(process.exit, Number(process.env.npm_config_timeout_exit));","        }","        // start server","        if (local.global.utility2_serverHttp1) {","            break;","        }","        process.env.PORT = process.env.PORT || '8081';","        console.error('server starting on port ' + process.env.PORT);","        local.http.createServer(function (request, response) {","            request.urlParsed = local.url.parse(request.url);","            if (local.assetsDict[request.urlParsed.pathname] !== undefined) {","                response.end(local.assetsDict[request.urlParsed.pathname]);","                return;","            }","            response.statusCode = 404;","            response.end();","        }).listen(process.env.PORT);","        break;","    }","}());",""],"l":{"26":2,"28":2,"33":2,"35":2,"37":2,"38":2,"39":2,"44":1,"51":2,"55":2,"59":2,"61":2,"69":1,"70":2,"76":2,"79":2,"82":2,"83":2,"85":1,"89":2,"92":1,"93":1,"94":1,"96":1,"97":1,"100":1,"101":1,"103":1,"106":1,"108":2,"114":1,"116":1,"118":1,"123":1,"124":2,"125":2,"126":3,"127":3,"128":3,"129":3,"130":1,"133":3,"134":3,"139":3,"143":1,"144":3,"145":1,"149":1,"150":1,"158":1,"160":1,"161":1,"162":1,"164":1,"166":1,"258":1,"259":1,"271":1,"274":6,"275":6,"277":1,"279":2,"281":1,"283":2,"288":1,"289":1,"291":1,"296":1,"303":1,"306":1,"307":1,"310":1,"311":1,"313":1,"314":1,"315":1,"316":1,"317":1,"318":1,"319":1,"321":1,"322":1,"324":1}},"/home/travis/build/npmtest/node-npmtest-jsonapify/node_modules/jsonapify/index.js":{"path":"/home/travis/build/npmtest/node-npmtest-jsonapify/node_modules/jsonapify/index.js","s":{"1":1},"b":{},"f":{},"fnMap":{},"statementMap":{"1":{"start":{"line":1,"column":0},"end":{"line":1,"column":34}}},"branchMap":{},"code":["module.exports = require('./lib');",""],"l":{"1":1}},"/home/travis/build/npmtest/node-npmtest-jsonapify/node_modules/jsonapify/lib/index.js":{"path":"/home/travis/build/npmtest/node-npmtest-jsonapify/node_modules/jsonapify/lib/index.js","s":{"1":1,"2":1,"3":1,"4":1,"5":1,"6":1,"7":1},"b":{},"f":{},"fnMap":{},"statementMap":{"1":{"start":{"line":1,"column":0},"end":{"line":1,"column":26}},"2":{"start":{"line":3,"column":0},"end":{"line":18,"column":2}},"3":{"start":{"line":20,"column":0},"end":{"line":20,"column":33}},"4":{"start":{"line":21,"column":0},"end":{"line":21,"column":34}},"5":{"start":{"line":22,"column":0},"end":{"line":22,"column":36}},"6":{"start":{"line":23,"column":0},"end":{"line":23,"column":36}},"7":{"start":{"line":24,"column":0},"end":{"line":24,"column":37}}},"branchMap":{},"code":["var _ = require('lodash');","","module.exports = exports = {","\tLink: require('./Link'),","\tField: require('./Field'),","\tRuntime: require('./Runtime'),","\tRegistry: require('./Registry'),","\tAccessor: require('./Accessor'),","\tResponse: require('./Response'),","\tResource: require('./Resource'),","\tTransaction: require('./Transaction'),","\tResourceView: require('./ResourceView'),","\tmiddleware: require('./middleware'),","\taccessors: require('./accessors'),","\tselectors: require('./selectors'),","\tfilters: require('./filters'),","\terrors: require('./errors'),","};","","_.merge(exports, exports.errors);","_.merge(exports, exports.filters);","_.merge(exports, exports.accessors);","_.merge(exports, exports.selectors);","_.merge(exports, exports.middleware);",""],"l":{"1":1,"3":1,"20":1,"21":1,"22":1,"23":1,"24":1}},"/home/travis/build/npmtest/node-npmtest-jsonapify/node_modules/jsonapify/lib/Link.js":{"path":"/home/travis/build/npmtest/node-npmtest-jsonapify/node_modules/jsonapify/lib/Link.js","s":{"1":1,"2":1,"3":0,"4":0,"5":0,"6":0,"7":0,"8":0,"9":1,"10":0,"11":0,"12":1,"13":0,"14":1,"15":0,"16":0,"17":0,"18":1},"b":{"1":[0,0],"2":[0,0],"3":[0,0],"4":[0,0],"5":[0,0]},"f":{"1":0,"2":0,"3":0,"4":0,"5":0},"fnMap":{"1":{"name":"Link","line":3,"loc":{"start":{"line":3,"column":0},"end":{"line":3,"column":26}}},"2":{"name":"(anonymous_2)","line":14,"loc":{"start":{"line":14,"column":6},"end":{"line":14,"column":17}}},"3":{"name":"(anonymous_3)","line":15,"loc":{"start":{"line":15,"column":6},"end":{"line":15,"column":21}}},"4":{"name":"(anonymous_4)","line":19,"loc":{"start":{"line":19,"column":6},"end":{"line":19,"column":17}}},"5":{"name":"(anonymous_5)","line":22,"loc":{"start":{"line":22,"column":24},"end":{"line":22,"column":35}}}},"statementMap":{"1":{"start":{"line":1,"column":0},"end":{"line":1,"column":26}},"2":{"start":{"line":3,"column":0},"end":{"line":11,"column":1}},"3":{"start":{"line":4,"column":1},"end":{"line":8,"column":2}},"4":{"start":{"line":5,"column":2},"end":{"line":5,"column":18}},"5":{"start":{"line":6,"column":2},"end":{"line":6,"column":19}},"6":{"start":{"line":7,"column":2},"end":{"line":7,"column":19}},"7":{"start":{"line":9,"column":1},"end":{"line":9,"column":25}},"8":{"start":{"line":10,"column":1},"end":{"line":10,"column":25}},"9":{"start":{"line":13,"column":0},"end":{"line":16,"column":3}},"10":{"start":{"line":14,"column":19},"end":{"line":14,"column":37}},"11":{"start":{"line":15,"column":23},"end":{"line":15,"column":41}},"12":{"start":{"line":18,"column":0},"end":{"line":20,"column":3}},"13":{"start":{"line":19,"column":19},"end":{"line":19,"column":37}},"14":{"start":{"line":22,"column":0},"end":{"line":29,"column":2}},"15":{"start":{"line":23,"column":1},"end":{"line":24,"column":20}},"16":{"start":{"line":24,"column":2},"end":{"line":24,"column":20}},"17":{"start":{"line":25,"column":1},"end":{"line":28,"column":3}},"18":{"start":{"line":31,"column":0},"end":{"line":31,"column":22}}},"branchMap":{"1":{"line":4,"type":"if","locations":[{"start":{"line":4,"column":1},"end":{"line":4,"column":1}},{"start":{"line":4,"column":1},"end":{"line":4,"column":1}}]},"2":{"line":4,"type":"binary-expr","locations":[{"start":{"line":4,"column":5},"end":{"line":4,"column":26}},{"start":{"line":4,"column":30},"end":{"line":4,"column":35}}]},"3":{"line":9,"type":"binary-expr","locations":[{"start":{"line":9,"column":14},"end":{"line":9,"column":18}},{"start":{"line":9,"column":22},"end":{"line":9,"column":24}}]},"4":{"line":10,"type":"binary-expr","locations":[{"start":{"line":10,"column":14},"end":{"line":10,"column":18}},{"start":{"line":10,"column":22},"end":{"line":10,"column":24}}]},"5":{"line":23,"type":"if","locations":[{"start":{"line":23,"column":1},"end":{"line":23,"column":1}},{"start":{"line":23,"column":1},"end":{"line":23,"column":1}}]}},"code":["var _ = require('lodash');","","function Link(href, meta) {","\tif (_.isPlainObject(href) && !meta) {","\t\tvar link = href;","\t\thref = link.href;","\t\tmeta = link.meta;","\t}","\tthis._href = href || '';","\tthis._meta = meta || {};","}","","Object.defineProperty(Link.prototype, 'href', {","\tget: function() { return this._href; },","\tset: function(href) { this._href = href; },","});","","Object.defineProperty(Link.prototype, 'meta', {","\tget: function() { return this._meta; },","});","","Link.prototype.toJSON = function() {","\tif (_.isEmpty(this._meta))","\t\treturn this._href;","\treturn {","\t\thref: this._href,","\t\tmeta: this._meta,","\t};","};","","module.exports = Link;",""],"l":{"1":1,"3":1,"4":0,"5":0,"6":0,"7":0,"9":0,"10":0,"13":1,"14":0,"15":0,"18":1,"19":0,"22":1,"23":0,"24":0,"25":0,"31":1}},"/home/travis/build/npmtest/node-npmtest-jsonapify/node_modules/jsonapify/lib/Field.js":{"path":"/home/travis/build/npmtest/node-npmtest-jsonapify/node_modules/jsonapify/lib/Field.js","s":{"1":1,"2":1,"3":1,"4":1,"5":1,"6":0,"7":0,"8":0,"9":0,"10":0,"11":0,"12":0,"13":1,"14":0,"15":0,"16":0,"17":0,"18":0,"19":1,"20":0,"21":1,"22":0,"23":0,"24":0,"25":0,"26":0,"27":0,"28":0,"29":0,"30":0,"31":1,"32":0,"33":0,"34":0,"35":0,"36":0,"37":1,"38":0,"39":1},"b":{"1":[0,0],"2":[0,0],"3":[0,0],"4":[0,0],"5":[0,0],"6":[0,0],"7":[0,0],"8":[0,0]},"f":{"1":0,"2":0,"3":0,"4":0,"5":0,"6":0,"7":0,"8":0,"9":0,"10":0,"11":0},"fnMap":{"1":{"name":"Field","line":7,"loc":{"start":{"line":7,"column":0},"end":{"line":7,"column":44}}},"2":{"name":"(anonymous_2)","line":22,"loc":{"start":{"line":22,"column":14},"end":{"line":22,"column":25}}},"3":{"name":"(anonymous_3)","line":23,"loc":{"start":{"line":23,"column":18},"end":{"line":23,"column":29}}},"4":{"name":"(anonymous_4)","line":24,"loc":{"start":{"line":24,"column":18},"end":{"line":24,"column":29}}},"5":{"name":"(anonymous_5)","line":25,"loc":{"start":{"line":25,"column":18},"end":{"line":25,"column":29}}},"6":{"name":"(anonymous_6)","line":26,"loc":{"start":{"line":26,"column":18},"end":{"line":26,"column":29}}},"7":{"name":"(anonymous_7)","line":29,"loc":{"start":{"line":29,"column":34},"end":{"line":29,"column":53}}},"8":{"name":"(anonymous_8)","line":33,"loc":{"start":{"line":33,"column":28},"end":{"line":33,"column":68}}},"9":{"name":"(anonymous_9)","line":36,"loc":{"start":{"line":36,"column":53},"end":{"line":36,"column":74}}},"10":{"name":"(anonymous_10)","line":44,"loc":{"start":{"line":44,"column":30},"end":{"line":44,"column":79}}},"11":{"name":"toAccessor","line":54,"loc":{"start":{"line":54,"column":0},"end":{"line":54,"column":28}}}},"statementMap":{"1":{"start":{"line":1,"column":0},"end":{"line":1,"column":26}},"2":{"start":{"line":3,"column":0},"end":{"line":3,"column":37}},"3":{"start":{"line":4,"column":0},"end":{"line":4,"column":41}},"4":{"start":{"line":5,"column":0},"end":{"line":5,"column":62}},"5":{"start":{"line":7,"column":0},"end":{"line":19,"column":1}},"6":{"start":{"line":8,"column":1},"end":{"line":12,"column":4}},"7":{"start":{"line":13,"column":1},"end":{"line":13,"column":19}},"8":{"start":{"line":14,"column":1},"end":{"line":14,"column":27}},"9":{"start":{"line":15,"column":1},"end":{"line":15,"column":36}},"10":{"start":{"line":16,"column":1},"end":{"line":16,"column":32}},"11":{"start":{"line":17,"column":1},"end":{"line":17,"column":32}},"12":{"start":{"line":18,"column":1},"end":{"line":18,"column":32}},"13":{"start":{"line":21,"column":0},"end":{"line":27,"column":3}},"14":{"start":{"line":22,"column":27},"end":{"line":22,"column":45}},"15":{"start":{"line":23,"column":31},"end":{"line":23,"column":53}},"16":{"start":{"line":24,"column":31},"end":{"line":24,"column":53}},"17":{"start":{"line":25,"column":31},"end":{"line":25,"column":53}},"18":{"start":{"line":26,"column":31},"end":{"line":26,"column":53}},"19":{"start":{"line":29,"column":0},"end":{"line":31,"column":2}},"20":{"start":{"line":30,"column":1},"end":{"line":30,"column":42}},"21":{"start":{"line":33,"column":0},"end":{"line":42,"column":2}},"22":{"start":{"line":34,"column":1},"end":{"line":34,"column":17}},"23":{"start":{"line":35,"column":1},"end":{"line":35,"column":44}},"24":{"start":{"line":35,"column":22},"end":{"line":35,"column":44}},"25":{"start":{"line":36,"column":1},"end":{"line":41,"column":4}},"26":{"start":{"line":37,"column":2},"end":{"line":37,"column":32}},"27":{"start":{"line":37,"column":11},"end":{"line":37,"column":32}},"28":{"start":{"line":38,"column":2},"end":{"line":39,"column":59}},"29":{"start":{"line":39,"column":3},"end":{"line":39,"column":59}},"30":{"start":{"line":40,"column":2},"end":{"line":40,"column":31}},"31":{"start":{"line":44,"column":0},"end":{"line":52,"column":2}},"32":{"start":{"line":45,"column":1},"end":{"line":45,"column":52}},"33":{"start":{"line":45,"column":22},"end":{"line":45,"column":52}},"34":{"start":{"line":46,"column":1},"end":{"line":50,"column":2}},"35":{"start":{"line":47,"column":2},"end":{"line":49,"column":54}},"36":{"start":{"line":51,"column":1},"end":{"line":51,"column":74}},"37":{"start":{"line":54,"column":0},"end":{"line":56,"column":1}},"38":{"start":{"line":55,"column":1},"end":{"line":55,"column":66}},"39":{"start":{"line":58,"column":0},"end":{"line":58,"column":23}}},"branchMap":{"1":{"line":35,"type":"if","locations":[{"start":{"line":35,"column":1},"end":{"line":35,"column":1}},{"start":{"line":35,"column":1},"end":{"line":35,"column":1}}]},"2":{"line":37,"type":"if","locations":[{"start":{"line":37,"column":2},"end":{"line":37,"column":2}},{"start":{"line":37,"column":2},"end":{"line":37,"column":2}}]},"3":{"line":38,"type":"if","locations":[{"start":{"line":38,"column":2},"end":{"line":38,"column":2}},{"start":{"line":38,"column":2},"end":{"line":38,"column":2}}]},"4":{"line":38,"type":"binary-expr","locations":[{"start":{"line":38,"column":6},"end":{"line":38,"column":26}},{"start":{"line":38,"column":30},"end":{"line":38,"column":45}}]},"5":{"line":45,"type":"if","locations":[{"start":{"line":45,"column":1},"end":{"line":45,"column":1}},{"start":{"line":45,"column":1},"end":{"line":45,"column":1}}]},"6":{"line":46,"type":"if","locations":[{"start":{"line":46,"column":1},"end":{"line":46,"column":1}},{"start":{"line":46,"column":1},"end":{"line":46,"column":1}}]},"7":{"line":47,"type":"cond-expr","locations":[{"start":{"line":48,"column":5},"end":{"line":48,"column":27}},{"start":{"line":49,"column":5},"end":{"line":49,"column":53}}]},"8":{"line":55,"type":"cond-expr","locations":[{"start":{"line":55,"column":39},"end":{"line":55,"column":45}},{"start":{"line":55,"column":48},"end":{"line":55,"column":65}}]}},"code":["var _ = require('lodash');","","var Accessor = require('./Accessor');","var Const = require('./accessors/Const');","var InvalidFieldValue = require('./errors/InvalidFieldValue');","","function Field(resource, name, value, opts) {","\topts = _.defaults({}, opts, {","\t\treadable: true,","\t\twritable: true,","\t\tnullable: false,","\t});","\tthis._name = name;","\tthis._resource = resource;","\tthis._accessor = toAccessor(value);","\tthis._readable = opts.readable;","\tthis._writable = opts.writable;","\tthis._nullable = opts.nullable;","}","","Object.defineProperties(Field.prototype, {","\tname: { get: function() { return this._name }},","\tresource: { get: function() { return this._resource }},","\treadable: { get: function() { return this._readable }},","\twritable: { get: function() { return this._writable }},","\tnullable: { get: function() { return this._nullable }},","});","","Field.prototype.visitProperties = function(callback) {","\tthis._accessor.visitProperties(callback);","};","","Field.prototype.serialize = function(transaction, object, callback) {","\tvar self = this;","\tif (!this._readable) return callback(null);","\tthis._accessor.serialize(this, transaction, object, function(err, value) {","\t\tif (err) return callback(err);","\t\tif (_.isUndefined(value) && !self._nullable)","\t\t\treturn callback(new InvalidFieldValue(self, undefined));","\t\treturn callback(null, value);","\t});","};","","Field.prototype.deserialize = function(transaction, resdata, object, callback) {","\tif (!this._writable) return callback(null, object);","\tif (_.isUndefined(resdata)) {","\t\treturn this._nullable","\t\t\t? callback(null, object)","\t\t\t: callback(new InvalidFieldValue(this, undefined));","\t}","\tthis._accessor.deserialize(this, transaction, resdata, object, callback);","};","","function toAccessor(object) {","\treturn (object instanceof Accessor) ? object : new Const(object);","}","","module.exports = Field;",""],"l":{"1":1,"3":1,"4":1,"5":1,"7":1,"8":0,"13":0,"14":0,"15":0,"16":0,"17":0,"18":0,"21":1,"22":0,"23":0,"24":0,"25":0,"26":0,"29":1,"30":0,"33":1,"34":0,"35":0,"36":0,"37":0,"38":0,"39":0,"40":0,"44":1,"45":0,"46":0,"47":0,"51":0,"54":1,"55":0,"58":1}},"/home/travis/build/npmtest/node-npmtest-jsonapify/node_modules/jsonapify/lib/Accessor.js":{"path":"/home/travis/build/npmtest/node-npmtest-jsonapify/node_modules/jsonapify/lib/Accessor.js","s":{"1":1,"2":1,"3":1,"4":0,"5":1,"6":0,"7":1},"b":{},"f":{"1":0,"2":0,"3":0,"4":0},"fnMap":{"1":{"name":"Accessor","line":1,"loc":{"start":{"line":1,"column":0},"end":{"line":1,"column":20}}},"2":{"name":"(anonymous_2)","line":3,"loc":{"start":{"line":3,"column":37},"end":{"line":3,"column":56}}},"3":{"name":"(anonymous_3)","line":5,"loc":{"start":{"line":5,"column":31},"end":{"line":5,"column":74}}},"4":{"name":"(anonymous_4)","line":9,"loc":{"start":{"line":9,"column":33},"end":{"line":9,"column":85}}}},"statementMap":{"1":{"start":{"line":1,"column":0},"end":{"line":1,"column":22}},"2":{"start":{"line":3,"column":0},"end":{"line":3,"column":59}},"3":{"start":{"line":5,"column":0},"end":{"line":7,"column":2}},"4":{"start":{"line":6,"column":1},"end":{"line":6,"column":23}},"5":{"start":{"line":9,"column":0},"end":{"line":11,"column":2}},"6":{"start":{"line":10,"column":1},"end":{"line":10,"column":20}},"7":{"start":{"line":13,"column":0},"end":{"line":13,"column":26}}},"branchMap":{},"code":["function Accessor() {}","","Accessor.prototype.visitProperties = function(callback) {};","","Accessor.prototype.serialize = function(field, transaction, object, done) {","\tdone(null, undefined);","};","","Accessor.prototype.deserialize = function(field, transaction, resdata, object, done) {","\tdone(null, object);","};","","module.exports = Accessor;",""],"l":{"1":1,"3":1,"5":1,"6":0,"9":1,"10":0,"13":1}},"/home/travis/build/npmtest/node-npmtest-jsonapify/node_modules/jsonapify/lib/accessors/Const.js":{"path":"/home/travis/build/npmtest/node-npmtest-jsonapify/node_modules/jsonapify/lib/accessors/Const.js","s":{"1":1,"2":1,"3":1,"4":1,"5":0,"6":1,"7":1,"8":0,"9":1,"10":0,"11":0,"12":0,"13":0,"14":0,"15":1},"b":{"1":[0,0]},"f":{"1":0,"2":0,"3":0},"fnMap":{"1":{"name":"Const","line":6,"loc":{"start":{"line":6,"column":0},"end":{"line":6,"column":22}}},"2":{"name":"(anonymous_2)","line":12,"loc":{"start":{"line":12,"column":28},"end":{"line":12,"column":71}}},"3":{"name":"(anonymous_3)","line":16,"loc":{"start":{"line":16,"column":30},"end":{"line":16,"column":82}}}},"statementMap":{"1":{"start":{"line":1,"column":0},"end":{"line":1,"column":40}},"2":{"start":{"line":3,"column":0},"end":{"line":3,"column":38}},"3":{"start":{"line":4,"column":0},"end":{"line":4,"column":63}},"4":{"start":{"line":6,"column":0},"end":{"line":8,"column":1}},"5":{"start":{"line":7,"column":1},"end":{"line":7,"column":21}},"6":{"start":{"line":10,"column":0},"end":{"line":10,"column":26}},"7":{"start":{"line":12,"column":0},"end":{"line":14,"column":2}},"8":{"start":{"line":13,"column":1},"end":{"line":13,"column":25}},"9":{"start":{"line":16,"column":0},"end":{"line":23,"column":2}},"10":{"start":{"line":17,"column":1},"end":{"line":21,"column":2}},"11":{"start":{"line":18,"column":2},"end":{"line":18,"column":48}},"12":{"start":{"line":19,"column":2},"end":{"line":19,"column":56}},"13":{"start":{"line":20,"column":2},"end":{"line":20,"column":19}},"14":{"start":{"line":22,"column":1},"end":{"line":22,"column":20}},"15":{"start":{"line":25,"column":0},"end":{"line":25,"column":23}}},"branchMap":{"1":{"line":17,"type":"if","locations":[{"start":{"line":17,"column":1},"end":{"line":17,"column":1}},{"start":{"line":17,"column":1},"end":{"line":17,"column":1}}]}},"code":["var inherits = require('util').inherits;","","var Accessor = require('../Accessor');","var InvalidFieldValue = require('../errors/InvalidFieldValue');","","function Const(value) {","\tthis._value = value;","}","","inherits(Const, Accessor);","","Const.prototype.serialize = function(field, transaction, object, done) {","\tdone(null, this._value);","};","","Const.prototype.deserialize = function(field, transaction, resdata, object, done) {","\tif (resdata !== this._value) {","\t\tvar opts = { meta: { expected: this._value }};","\t\tvar err = new InvalidFieldValue(field, resdata, opts);","\t\treturn done(err);","\t}","\tdone(null, object);","};","","module.exports = Const;",""],"l":{"1":1,"3":1,"4":1,"6":1,"7":0,"10":1,"12":1,"13":0,"16":1,"17":0,"18":0,"19":0,"20":0,"22":0,"25":1}},"/home/travis/build/npmtest/node-npmtest-jsonapify/node_modules/jsonapify/lib/errors/InvalidFieldValue.js":{"path":"/home/travis/build/npmtest/node-npmtest-jsonapify/node_modules/jsonapify/lib/errors/InvalidFieldValue.js","s":{"1":1,"2":1,"3":1,"4":0,"5":0,"6":0,"7":0,"8":0,"9":0,"10":1,"11":1,"12":0,"13":1,"14":0,"15":1},"b":{"1":[0,0]},"f":{"1":0,"2":0,"3":0},"fnMap":{"1":{"name":"InvalidFieldValue","line":5,"loc":{"start":{"line":5,"column":0},"end":{"line":5,"column":47}}},"2":{"name":"(anonymous_2)","line":17,"loc":{"start":{"line":17,"column":6},"end":{"line":17,"column":17}}},"3":{"name":"(anonymous_3)","line":21,"loc":{"start":{"line":21,"column":6},"end":{"line":21,"column":17}}}},"statementMap":{"1":{"start":{"line":1,"column":0},"end":{"line":1,"column":27}},"2":{"start":{"line":3,"column":0},"end":{"line":3,"column":37}},"3":{"start":{"line":5,"column":0},"end":{"line":12,"column":1}},"4":{"start":{"line":6,"column":1},"end":{"line":6,"column":19}},"5":{"start":{"line":7,"column":1},"end":{"line":7,"column":19}},"6":{"start":{"line":8,"column":1},"end":{"line":8,"column":37}},"7":{"start":{"line":9,"column":1},"end":{"line":9,"column":27}},"8":{"start":{"line":10,"column":1},"end":{"line":10,"column":21}},"9":{"start":{"line":11,"column":1},"end":{"line":11,"column":21}},"10":{"start":{"line":14,"column":0},"end":{"line":14,"column":43}},"11":{"start":{"line":16,"column":0},"end":{"line":18,"column":3}},"12":{"start":{"line":17,"column":19},"end":{"line":17,"column":38}},"13":{"start":{"line":20,"column":0},"end":{"line":22,"column":3}},"14":{"start":{"line":21,"column":19},"end":{"line":21,"column":38}},"15":{"start":{"line":24,"column":0},"end":{"line":24,"column":35}}},"branchMap":{"1":{"line":6,"type":"binary-expr","locations":[{"start":{"line":6,"column":8},"end":{"line":6,"column":12}},{"start":{"line":6,"column":16},"end":{"line":6,"column":18}}]}},"code":["var util = require('util');","","var ApiError = require('./ApiError');","","function InvalidFieldValue(field, value, opts) {","\topts = opts || {};","\topts.status = 422;","\topts.detail = 'Invalid Field Value';","\tApiError.call(this, opts);","\tthis._field = field;","\tthis._value = value;","}","","util.inherits(InvalidFieldValue, ApiError);","","Object.defineProperty(InvalidFieldValue.prototype, 'field', {","\tget: function() { return this._field; },","});","","Object.defineProperty(InvalidFieldValue.prototype, 'value', {","\tget: function() { return this._value; },","});","","module.exports = InvalidFieldValue;",""],"l":{"1":1,"3":1,"5":1,"6":0,"7":0,"8":0,"9":0,"10":0,"11":0,"14":1,"16":1,"17":0,"20":1,"21":0,"24":1}},"/home/travis/build/npmtest/node-npmtest-jsonapify/node_modules/jsonapify/lib/errors/ApiError.js":{"path":"/home/travis/build/npmtest/node-npmtest-jsonapify/node_modules/jsonapify/lib/errors/ApiError.js","s":{"1":1,"2":1,"3":1,"4":0,"5":0,"6":0,"7":0,"8":0,"9":0,"10":0,"11":0,"12":0,"13":0,"14":1,"15":1,"16":0,"17":0,"18":0,"19":1,"20":0,"21":0,"22":0,"23":0,"24":0,"25":0,"26":0,"27":0,"28":0,"29":0,"30":1},"b":{},"f":{"1":0,"2":0,"3":0,"4":0,"5":0},"fnMap":{"1":{"name":"ApiError","line":5,"loc":{"start":{"line":5,"column":0},"end":{"line":5,"column":24}}},"2":{"name":"(anonymous_2)","line":25,"loc":{"start":{"line":25,"column":14},"end":{"line":25,"column":25}}},"3":{"name":"(anonymous_3)","line":26,"loc":{"start":{"line":26,"column":15},"end":{"line":26,"column":26}}},"4":{"name":"(anonymous_4)","line":27,"loc":{"start":{"line":27,"column":16},"end":{"line":27,"column":27}}},"5":{"name":"(anonymous_5)","line":30,"loc":{"start":{"line":30,"column":28},"end":{"line":30,"column":39}}}},"statementMap":{"1":{"start":{"line":1,"column":0},"end":{"line":1,"column":27}},"2":{"start":{"line":3,"column":0},"end":{"line":3,"column":26}},"3":{"start":{"line":5,"column":0},"end":{"line":20,"column":1}},"4":{"start":{"line":6,"column":1},"end":{"line":10,"column":4}},"5":{"start":{"line":11,"column":1},"end":{"line":11,"column":20}},"6":{"start":{"line":12,"column":1},"end":{"line":12,"column":24}},"7":{"start":{"line":13,"column":1},"end":{"line":13,"column":24}},"8":{"start":{"line":14,"column":1},"end":{"line":14,"column":26}},"9":{"start":{"line":15,"column":1},"end":{"line":15,"column":26}},"10":{"start":{"line":16,"column":1},"end":{"line":16,"column":28}},"11":{"start":{"line":17,"column":1},"end":{"line":17,"column":28}},"12":{"start":{"line":18,"column":1},"end":{"line":18,"column":28}},"13":{"start":{"line":19,"column":1},"end":{"line":19,"column":31}},"14":{"start":{"line":22,"column":0},"end":{"line":22,"column":31}},"15":{"start":{"line":24,"column":0},"end":{"line":28,"column":3}},"16":{"start":{"line":25,"column":27},"end":{"line":25,"column":45}},"17":{"start":{"line":26,"column":28},"end":{"line":26,"column":47}},"18":{"start":{"line":27,"column":29},"end":{"line":27,"column":49}},"19":{"start":{"line":30,"column":0},"end":{"line":41,"column":2}},"20":{"start":{"line":31,"column":1},"end":{"line":31,"column":17}},"21":{"start":{"line":32,"column":1},"end":{"line":32,"column":22}},"22":{"start":{"line":33,"column":1},"end":{"line":33,"column":26}},"23":{"start":{"line":34,"column":1},"end":{"line":34,"column":26}},"24":{"start":{"line":35,"column":1},"end":{"line":35,"column":28}},"25":{"start":{"line":36,"column":1},"end":{"line":36,"column":28}},"26":{"start":{"line":37,"column":1},"end":{"line":37,"column":30}},"27":{"start":{"line":38,"column":1},"end":{"line":38,"column":30}},"28":{"start":{"line":39,"column":1},"end":{"line":39,"column":30}},"29":{"start":{"line":40,"column":1},"end":{"line":40,"column":34}},"30":{"start":{"line":43,"column":0},"end":{"line":43,"column":26}}},"branchMap":{},"code":["var util = require('util');","","var _ = require('lodash');","","function ApiError(opts) {","\topts = _.defaults({}, opts, {","\t\tmeta: {},","\t\tlinks: {},","\t\tstatus: 500,","\t});","\tthis._id = opts.id;","\tthis._code = opts.code;","\tthis._meta = opts.meta;","\tthis._links = opts.links;","\tthis._title = opts.title;","\tthis._status = opts.status;","\tthis._detail = opts.detail;","\tthis._source = opts.source;","\tError.call(this, opts.detail);","}","","util.inherits(ApiError, Error);","","Object.defineProperties(ApiError.prototype, {","\tmeta: { get: function() { return this._meta; } },","\tlinks: { get: function() { return this._links; } },","\tstatus: { get: function() { return this._status; } },","});","","ApiError.prototype.toJSON = function() {","\tvar object = {};","\tobject.id = this._id;","\tobject.code = this._code;","\tobject.meta = this._meta;","\tobject.links = this._links;","\tobject.title = this._title;","\tobject.status = this._status;","\tobject.detail = this._detail;","\tobject.source = this._source;","\treturn _.omit(object, _.isEmpty);","};","","module.exports = ApiError;",""],"l":{"1":1,"3":1,"5":1,"6":0,"11":0,"12":0,"13":0,"14":0,"15":0,"16":0,"17":0,"18":0,"19":0,"22":1,"24":1,"25":0,"26":0,"27":0,"30":1,"31":0,"32":0,"33":0,"34":0,"35":0,"36":0,"37":0,"38":0,"39":0,"40":0,"43":1}},"/home/travis/build/npmtest/node-npmtest-jsonapify/node_modules/jsonapify/lib/Runtime.js":{"path":"/home/travis/build/npmtest/node-npmtest-jsonapify/node_modules/jsonapify/lib/Runtime.js","s":{"1":1,"2":1,"3":1,"4":1,"5":0,"6":0,"7":0,"8":0,"9":1,"10":0,"11":1,"12":0,"13":0,"14":1},"b":{"1":[0,0],"2":[0,0],"3":[0,0]},"f":{"1":1,"2":0,"3":0,"4":0},"fnMap":{"1":{"name":"Runtime","line":3,"loc":{"start":{"line":3,"column":0},"end":{"line":3,"column":19}}},"2":{"name":"(anonymous_2)","line":7,"loc":{"start":{"line":7,"column":32},"end":{"line":7,"column":57}}},"3":{"name":"(anonymous_3)","line":14,"loc":{"start":{"line":14,"column":32},"end":{"line":14,"column":47}}},"4":{"name":"(anonymous_4)","line":18,"loc":{"start":{"line":18,"column":35},"end":{"line":18,"column":50}}}},"statementMap":{"1":{"start":{"line":1,"column":0},"end":{"line":1,"column":37}},"2":{"start":{"line":3,"column":0},"end":{"line":5,"column":1}},"3":{"start":{"line":4,"column":1},"end":{"line":4,"column":22}},"4":{"start":{"line":7,"column":0},"end":{"line":12,"column":2}},"5":{"start":{"line":8,"column":1},"end":{"line":9,"column":59}},"6":{"start":{"line":9,"column":2},"end":{"line":9,"column":59}},"7":{"start":{"line":10,"column":1},"end":{"line":11,"column":35}},"8":{"start":{"line":11,"column":2},"end":{"line":11,"column":35}},"9":{"start":{"line":14,"column":0},"end":{"line":16,"column":2}},"10":{"start":{"line":15,"column":1},"end":{"line":15,"column":30}},"11":{"start":{"line":18,"column":0},"end":{"line":21,"column":2}},"12":{"start":{"line":19,"column":1},"end":{"line":20,"column":36}},"13":{"start":{"line":20,"column":2},"end":{"line":20,"column":36}},"14":{"start":{"line":23,"column":0},"end":{"line":23,"column":29}}},"branchMap":{"1":{"line":8,"type":"if","locations":[{"start":{"line":8,"column":1},"end":{"line":8,"column":1}},{"start":{"line":8,"column":1},"end":{"line":8,"column":1}}]},"2":{"line":10,"type":"if","locations":[{"start":{"line":10,"column":1},"end":{"line":10,"column":1}},{"start":{"line":10,"column":1},"end":{"line":10,"column":1}}]},"3":{"line":19,"type":"if","locations":[{"start":{"line":19,"column":1},"end":{"line":19,"column":1}},{"start":{"line":19,"column":1},"end":{"line":19,"column":1}}]}},"code":["var Resource = require('./Resource');","","function Runtime() {","\tthis._resources = {};","};","","Runtime.prototype.addResource = function(name, resource) {","\tif (!(resource instanceof Resource))","\t\tthrow new TypeError('resource must be of Resource type');","\tif (!this._resources[name])","\t\tthis._resources[name] = resource;","};","","Runtime.prototype.getResource = function(name) {","\treturn this._resources[name];","};","","Runtime.prototype.removeResource = function(name) {","\tif (this._resources[name])","\t\tthis._resources[name] = undefined;","};","","module.exports = new Runtime;",""],"l":{"1":1,"3":1,"4":1,"7":1,"8":0,"9":0,"10":0,"11":0,"14":1,"15":0,"18":1,"19":0,"20":0,"23":1}},"/home/travis/build/npmtest/node-npmtest-jsonapify/node_modules/jsonapify/lib/Resource.js":{"path":"/home/travis/build/npmtest/node-npmtest-jsonapify/node_modules/jsonapify/lib/Resource.js","s":{"1":1,"2":1,"3":1,"4":1,"5":1,"6":0,"7":0,"8":0,"9":0,"10":0,"11":0,"12":1,"13":0,"14":0,"15":1,"16":0,"17":0,"18":1,"19":0,"20":0,"21":0,"22":0,"23":0,"24":0,"25":0,"26":0,"27":0,"28":0,"29":0,"30":0,"31":0,"32":0,"33":0,"34":0,"35":1,"36":0,"37":0,"38":0,"39":0,"40":0,"41":0,"42":0,"43":1},"b":{"1":[0,0],"2":[0,0],"3":[0,0],"4":[0,0],"5":[0,0],"6":[0,0],"7":[0,0],"8":[0,0],"9":[0,0]},"f":{"1":0,"2":0,"3":0,"4":0,"5":0,"6":0,"7":0,"8":0,"9":0},"fnMap":{"1":{"name":"Resource","line":7,"loc":{"start":{"line":7,"column":0},"end":{"line":7,"column":43}}},"2":{"name":"(anonymous_2)","line":18,"loc":{"start":{"line":18,"column":14},"end":{"line":18,"column":25}}},"3":{"name":"(anonymous_3)","line":19,"loc":{"start":{"line":19,"column":15},"end":{"line":19,"column":26}}},"4":{"name":"(anonymous_4)","line":22,"loc":{"start":{"line":22,"column":26},"end":{"line":22,"column":48}}},"5":{"name":"extractFields","line":27,"loc":{"start":{"line":27,"column":0},"end":{"line":27,"column":45}}},"6":{"name":"iterate","line":28,"loc":{"start":{"line":28,"column":9},"end":{"line":28,"column":49}}},"7":{"name":"(anonymous_7)","line":29,"loc":{"start":{"line":29,"column":17},"end":{"line":29,"column":38}}},"8":{"name":"isFieldDescriptor","line":52,"loc":{"start":{"line":52,"column":0},"end":{"line":52,"column":35}}},"9":{"name":"(anonymous_9)","line":56,"loc":{"start":{"line":56,"column":22},"end":{"line":56,"column":43}}}},"statementMap":{"1":{"start":{"line":1,"column":0},"end":{"line":1,"column":26}},"2":{"start":{"line":3,"column":0},"end":{"line":3,"column":31}},"3":{"start":{"line":4,"column":0},"end":{"line":4,"col
[...]
"column":0},"end":{"line":10,"column":61}},"9":{"start":{"line":11,"column":0},"end":{"line":11,"column":63}},"10":{"start":{"line":13,"column":0},"end":{"line":17,"column":1}},"11":{"start":{"line":14,"column":1},"end":{"line":14,"column":19}},"12":{"start":{"line":15,"column":1},"end":{"line":15,"column":35}},"13":{"start":{"line":16,"column":1},"end":{"line":16,"column":27}},"14":{"start":{"line":19,"column":0},"end":{"line":19,"column":25}},"15":{"start":{"line":21,"column":0},"end":{"line":23,"column":2}},"16":{"start":{"line":22,"column":1},"end":{"line":22,"column":26}},"17":{"start":{"line":25,"column":0},"end":{"line":48,"column":2}},"18":{"start":{"line":26,"column":1},"end":{"line":26,"column":17}},"19":{"start":{"line":27,"column":1},"end":{"line":27,"column":41}},"20":{"start":{"line":28,"column":1},"end":{"line":28,"column":43}},"21":{"start":{"line":28,"column":25},"end":{"line":28,"column":43}},"22":{"start":{"line":29,"column":1},"end":{"line":29,"column":56}},"23":{"start":{"line":30,"column":1},"end":{"line":30,"column":37}},"24":{"start":{"line":31,"column":1},"end":{"line":31,"column":42}},"25":{"start":{"line":32,"column":1},"end":{"line":32,"column":85}},"26":{"start":{"line":33,"column":1},"end":{"line":47,"column":4}},"27":{"start":{"line":34,"column":2},"end":{"line":44,"column":5}},"28":{"start":{"line":35,"column":3},"end":{"line":35,"column":29}},"29":{"start":{"line":35,"column":12},"end":{"line":35,"column":29}},"30":{"start":{"line":36,"column":3},"end":{"line":36,"column":67}},"31":{"start":{"line":36,"column":16},"end":{"line":36,"column":67}},"32":{"start":{"line":37,"column":3},"end":{"line":43,"column":6}},"33":{"start":{"line":38,"column":4},"end":{"line":38,"column":30}},"34":{"start":{"line":38,"column":13},"end":{"line":38,"column":30}},"35":{"start":{"line":39,"column":4},"end":{"line":39,"column":48}},"36":{"start":{"line":40,"column":4},"end":{"line":41,"column":54}},"37":{"start":{"line":41,"column":5},"end":{"line":41,"column":54}},"38":{"start":{"line":42,"column":4},"end":{"line":42,"column":21}},"39":{"start":{"line":46,"column":2},"end":{"line":46,"column":38}},"40":{"start":{"line":50,"column":0},"end":{"line":67,"column":2}},"41":{"start":{"line":51,"column":1},"end":{"line":52,"column":53}},"42":{"start":{"line":52,"column":2},"end":{"line":52,"column":53}},"43":{"start":{"line":53,"column":1},"end":{"line":53,"column":17}},"44":{"start":{"line":54,"column":1},"end":{"line":54,"column":16}},"45":{"start":{"line":55,"column":1},"end":{"line":55,"column":54}},"46":{"start":{"line":56,"column":1},"end":{"line":56,"column":38}},"47":{"start":{"line":57,"column":1},"end":{"line":65,"column":4}},"48":{"start":{"line":58,"column":2},"end":{"line":62,"column":3}},"49":{"start":{"line":59,"column":3},"end":{"line":59,"column":40}},"50":{"start":{"line":60,"column":3},"end":{"line":60,"column":57}},"51":{"start":{"line":61,"column":3},"end":{"line":61,"column":20}},"52":{"start":{"line":63,"column":2},"end":{"line":63,"column":33}},"53":{"start":{"line":64,"column":2},"end":{"line":64,"column":17}},"54":{"start":{"line":66,"column":1},"end":{"line":66,"column":20}},"55":{"start":{"line":69,"column":0},"end":{"line":69,"column":22}}},"branchMap":{"1":{"line":14,"type":"binary-expr","locations":[{"start":{"line":14,"column":8},"end":{"line":14,"column":12}},{"start":{"line":14,"column":16},"end":{"line":14,"column":18}}]},"2":{"line":28,"type":"if","locations":[{"start":{"line":28,"column":1},"end":{"line":28,"column":1}},{"start":{"line":28,"column":1},"end":{"line":28,"column":1}}]},"3":{"line":35,"type":"if","locations":[{"start":{"line":35,"column":3},"end":{"line":35,"column":3}},{"start":{"line":35,"column":3},"end":{"line":35,"column":3}}]},"4":{"line":36,"type":"if","locations":[{"start":{"line":36,"column":3},"end":{"line":36,"column":3}},{"start":{"line":36,"column":3},"end":{"line":36,"column":3}}]},"5":{"line":38,"type":"if","locations":[{"start":{"line":38,"column":4},"end":{"line":38,"column":4}},{"start":{"line":38,"column":4},"end":{"line":38,"column":4}}]},"6":{"line":40,"type":"if","locations":[{"start":{"line":40,"column":4},"end":{"line":40,"column":4}},{"start":{"line":40,"column":4},"end":{"line":40,"column":4}}]},"7":{"line":46,"type":"cond-expr","locations":[{"start":{"line":46,"column":8},"end":{"line":46,"column":17}},{"start":{"line":46,"column":20},"end":{"line":46,"column":37}}]},"8":{"line":51,"type":"if","locations":[{"start":{"line":51,"column":1},"end":{"line":51,"column":1}},{"start":{"line":51,"column":1},"end":{"line":51,"column":1}}]},"9":{"line":58,"type":"if","locations":[{"start":{"line":58,"column":2},"end":{"line":58,"column":2}},{"start":{"line":58,"column":2},"end":{"line":58,"column":2}}]},"10":{"line":58,"type":"binary-expr","locations":[{"start":{"line":58,"column":6},"end":{"line":58,"column":31}},{"start":{"line":58,"column":35},"end":{"line":58,"column":61}}]}},"code":["var inherits = require('util').inherits;","","var _ = require('lodash');","var async = require('async');","var mongoose = require('mongoose');","var ObjectId = mongoose.Types.ObjectId;","","var Runtime = require('../Runtime');","var Accessor = require('../Accessor');","var ResourceNotFound = require('../errors/ResourceNotFound');","var InvalidFieldValue = require('../errors/InvalidFieldValue');","","function Refs(resourceName, thisPath, opts) {","\topts = opts || {};","\tthis._resourceName = resourceName;","\tthis._thisPath = thisPath;","}","","inherits(Refs, Accessor);","","Refs.prototype.accessProperties = function(callback) {","\tcallback(this._thisPath);","};","","Refs.prototype.serialize = function(field, transaction, object, done) {","\tvar self = this;","\tvar ids = _.get(object, this._thisPath);","\tif (_.isUndefined(ids)) return done(null);","\tvar resource = Runtime.getResource(this._resourceName);","\tvar response = transaction.response;","\tvar resview = resource.view(transaction);","\tvar isIncluded = transaction.transform(field.resource, 'include', field.name, true);","\tasync.map(ids, function(id, next) {","\t\tresview.findOne({ _id: id }, function(err, linked) {","\t\t\tif (err) return next(err);","\t\t\tif (!linked) return new ResourceNotFound(resource, { _id: id });","\t\t\tresview.serialize(linked, function(err, linkedData) {","\t\t\t\tif (err) return next(err);","\t\t\t\tvar link = _.pick(linkedData, 'type', 'id');","\t\t\t\tif (isIncluded)","\t\t\t\t\tresponse.include(link.type, link.id, linkedData);","\t\t\t\tnext(null, link);","\t\t\t});","\t\t});","\t}, function(err, links) {","\t\terr ? done(err) : done(null, links);","\t});","};","","Refs.prototype.deserialize = function(field, transaction, resdata, object, done) {","\tif (!_.isArray(resdata))","\t\treturn done(new InvalidFieldValue(field, resdata));","\tvar self = this;","\tvar links = [];","\tvar target = Runtime.getResource(self._resourceName);","\t_.set(object, this._thisPath, links);","\t_.each(resdata, function(link, index) {","\t\tif (link.type !== target.type || !ObjectId.isValid(link.id)) {","\t\t\tvar opts = { meta: { index: index }};","\t\t\tvar err = new InvalidFieldValue(field, resdata, opts);","\t\t\treturn done(err);","\t\t}","\t\tvar id = new ObjectId(link.id);","\t\tlinks.push(id);","\t});","\tdone(null, object);","};","","module.exports = Refs;",""],"l":{"1":1,"3":1,"4":1,"5":1,"6":1,"8":1,"9":1,"10":1,"11":1,"13":1,"14":0,"15":0,"16":0,"19":1,"21":1,"22":0,"25":1,"26":0,"27":0,"28":0,"29":0,"30":0,"31":0,"32":0,"33":0,"34":0,"35":0,"36":0,"37":0,"38":0,"39":0,"40":0,"41":0,"42":0,"46":0,"50":1,"51":0,"52":0,"53":0,"54":0,"55":0,"56":0,"57":0,"58":0,"59":0,"60":0,"61":0,"63":0,"64":0,"66":0,"69":1}},"/home/travis/build/npmtest/node-npmtest-jsonapify/node_modules/jsonapify/lib/accessors/Property.js":{"path":"/home/travis/build/npmtest/node-npmtest-jsonapify/node_modules/jsonapify/lib/accessors/Property.js","s":{"1":1,"2":1,"3":1,"4":1,"5":1,"6":0,"7":1,"8":1,"9":0,"10":1,"11":0,"12":0,"13":1,"14":0,"15":0,"16":1},"b":{},"f":{"1":0,"2":0,"3":0,"4":0},"fnMap":{"1":{"name":"Property","line":8,"loc":{"start":{"line":8,"column":0},"end":{"line":8,"column":24}}},"2":{"name":"(anonymous_2)","line":14,"loc":{"start":{"line":14,"column":37},"end":{"line":14,"column":56}}},"3":{"name":"(anonymous_3)","line":18,"loc":{"start":{"line":18,"column":31},"end":{"line":18,"column":74}}},"4":{"name":"(anonymous_4)","line":23,"loc":{"start":{"line":23,"column":33},"end":{"line":23,"column":85}}}},"statementMap":{"1":{"start":{"line":1,"column":0},"end":{"line":1,"column":40}},"2":{"start":{"line":3,"column":0},"end":{"line":3,"column":26}},"3":{"start":{"line":5,"column":0},"end":{"line":5,"column":38}},"4":{"start":{"line":6,"column":0},"end":{"line":6,"column":63}},"5":{"start":{"line":8,"column":0},"end":{"line":10,"column":1}},"6":{"start":{"line":9,"column":1},"end":{"line":9,"column":19}},"7":{"start":{"line":12,"column":0},"end":{"line":12,"column":29}},"8":{"start":{"line":14,"column":0},"end":{"line":16,"column":2}},"9":{"start":{"line":15,"column":1},"end":{"line":15,"column":22}},"10":{"start":{"line":18,"column":0},"end":{"line":21,"column":2}},"11":{"start":{"line":19,"column":1},"end":{"line":19,"column":39}},"12":{"start":{"line":20,"column":1},"end":{"line":20,"column":19}},"13":{"start":{"line":23,"column":0},"end":{"line":26,"column":2}},"14":{"start":{"line":24,"column":1},"end":{"line":24,"column":36}},"15":{"start":{"line":25,"column":1},"end":{"line":25,"column":20}},"16":{"start":{"line":28,"column":0},"end":{"line":28,"column":26}}},"branchMap":{},"code":["var inherits = require('util').inherits;","","var _ = require('lodash');","","var Accessor = require('../Accessor');","var InvalidFieldValue = require('../errors/InvalidFieldValue');","","function Property(path) {","\tthis._path = path;","}","","inherits(Property, Accessor);","","Property.prototype.visitProperties = function(callback) {","\tcallback(this._path);","};","","Property.prototype.serialize = function(field, transaction, object, done) {","\tvar value = _.get(object, this._path);","\tdone(null, value);","};","","Property.prototype.deserialize = function(field, transaction, resdata, object, done) {","\t_.set(object, this._path, resdata);","\tdone(null, object);","};","","module.exports = Property;",""],"l":{"1":1,"3":1,"5":1,"6":1,"8":1,"9":0,"12":1,"14":1,"15":0,"18":1,"19":0,"20":0,"23":1,"24":0,"25":0,"28":1}},"/home/travis/build/npmtest/node-npmtest-jsonapify/node_modules/jsonapify/lib/accessors/Template.js":{"path":"/home/travis/build/npmtest/node-npmtest-jsonapify/node_modules/jsonapify/lib/accessors/Template.js","s":{"1":1,"2":1,"3":1,"4":1,"5":1,"6":0,"7":0,"8":0,"9":0,"10":0,"11":0,"12":0,"13":0,"14":1,"15":1,"16":0,"17":1,"18":0,"19":0,"20":0,"21":0,"22":0,"23":1,"24":0,"25":0,"26":0,"27":1},"b":{"1":[0,0],"2":[0,0],"3":[0,0]},"f":{"1":0,"2":0,"3":0,"4":0,"5":0},"fnMap":{"1":{"name":"Template","line":8,"loc":{"start":{"line":8,"column":0},"end":{"line":8,"column":26}}},"2":{"name":"(anonymous_2)","line":13,"loc":{"start":{"line":13,"column":28},"end":{"line":13,"column":50}}},"3":{"name":"(anonymous_3)","line":22,"loc":{"start":{"line":22,"column":37},"end":{"line":22,"column":56}}},"4":{"name":"(anonymous_4)","line":26,"loc":{"start":{"line":26,"column":31},"end":{"line":26,"column":74}}},"5":{"name":"(anonymous_5)","line":33,"loc":{"start":{"line":33,"column":33},"end":{"line":33,"column":85}}}},"statementMap":{"1":{"start":{"line":1,"column":0},"end":{"line":1,"column":40}},"2":{"start":{"line":3,"column":0},"end":{"line":3,"column":26}},"3":{"start":{"line":5,"column":0},"end":{"line":5,"column":38}},"4":{"start":{"line":6,"column":0},"end":{"line":6,"column":63}},"5":{"start":{"line":8,"column":0},"end":{"line":18,"column":1}},"6":{"start":{"line":9,"column":1},"end":{"line":9,"column":17}},"7":{"start":{"line":10,"column":1},"end":{"line":10,"column":20}},"8":{"start":{"line":11,"column":1},"end":{"line":11,"column":19}},"9":{"start":{"line":12,"column":1},"end":{"line":12,"column":45}},"10":{"start":{"line":13,"column":1},"end":{"line":17,"column":10}},"11":{"start":{"line":14,"column":2},"end":{"line":14,"column":37}},"12":{"start":{"line":15,"column":2},"end":{"line":16,"column":37}},"13":{"start":{"line":16,"column":3},"end":{"line":16,"column":37}},"14":{"start":{"line":20,"column":0},"end":{"line":20,"column":29}},"15":{"start":{"line":22,"column":0},"end":{"line":24,"column":2}},"16":{"start":{"line":23,"column":1},"end":{"line":23,"column":32}},"17":{"start":{"line":26,"column":0},"end":{"line":31,"column":2}},"18":{"start":{"line":27,"column":1},"end":{"line":27,"column":60}},"19":{"start":{"line":28,"column":1},"end":{"line":28,"column":53}},"20":{"start":{"line":28,"column":35},"end":{"line":28,"column":53}},"21":{"start":{"line":29,"column":1},"end":{"line":29,"column":70}},"22":{"start":{"line":30,"column":1},"end":{"line":30,"column":20}},"23":{"start":{"line":33,"column":0},"end":{"line":37,"column":2}},"24":{"start":{"line":34,"column":1},"end":{"line":35,"column":53}},"25":{"start":{"line":35,"column":2},"end":{"line":35,"column":53}},"26":{"start":{"line":36,"column":1},"end":{"line":36,"column":20}},"27":{"start":{"line":39,"column":0},"end":{"line":39,"column":26}}},"branchMap":{"1":{"line":15,"type":"if","locations":[{"start":{"line":15,"column":2},"end":{"line":15,"column":2}},{"start":{"line":15,"column":2},"end":{"line":15,"column":2}}]},"2":{"line":28,"type":"if","locations":[{"start":{"line":28,"column":1},"end":{"line":28,"column":1}},{"start":{"line":28,"column":1},"end":{"line":28,"column":1}}]},"3":{"line":34,"type":"if","locations":[{"start":{"line":34,"column":1},"end":{"line":34,"column":1}},{"start":{"line":34,"column":1},"end":{"line":34,"column":1}}]}},"code":["var inherits = require('util').inherits;","","var _ = require('lodash');","","var Accessor = require('../Accessor');","var InvalidFieldValue = require('../errors/InvalidFieldValue');","","function Template(format) {","\tvar self = this;","\tthis._strings = [];","\tthis._values = [];","\tvar chunks = format.split(/\\$\\{([^\\}]*)\\}/);","\t_(chunks).chunk(2).forEach(function(stringValue) {","\t\tself._strings.push(stringValue[0]);","\t\tif (stringValue.length > 1)","\t\t\tself._values.push(stringValue[1]);","\t}).run();","}","","inherits(Template, Accessor);","","Template.prototype.visitProperties = function(callback) {","\t_.each(this._values, callback);","};","","Template.prototype.serialize = function(field, transaction, object, done) {","\tvar values = _.map(this._values, _.partial(_.get, object));","\tif (_.any(values, _.isUndefined)) return done(null);","\tvar result = _(this._strings).zip(values).flatten().value().join('');","\tdone(null, result);","};","","Template.prototype.deserialize = function(field, transaction, resdata, object, done) {","\tif (!_.isString(resdata))","\t\treturn done(new InvalidFieldValue(field, resdata));","\tdone(null, object);","};","","module.exports = Template;",""],"l":{"1":1,"3":1,"5":1,"6":1,"8":1,"9":0,"10":0,"11":0,"12":0,"13":0,"14":0,"15":0,"16":0,"20":1,"22":1,"23":0,"26":1,"27":0,"28":0,"29":0,"30":0,"33":1,"34":0,"35":0,"36":0,"39":1}},"/home/travis/build/npmtest/node-npmtest-jsonapify/node_modules/jsonapify/lib/selectors.js":{"path":"/home/travis/build/npmtest/node-npmtest-jsonapify/node_modules/jsonapify/lib/selectors.js","s":{"1":1,"2":1,"3":0,"4":0,"5":1,"6":0,"7":0,"8":1,"9":0,"10":0,"11":1,"12":1,"13":1},"b":{},"f":{"1":0,"2":0,"3":0,"4":0,"5":0,"6":0},"fnMap":{"1":{"name":"query","line":3,"loc":{"start":{"line":3,"column":0},"end":{"line":3,"column":21}}},"2":{"name":"(anonymous_2)","line":4,"loc":{"start":{"line":4,"column":8},"end":{"line":4,"column":30}}},"3":{"name":"param","line":9,"loc":{"start":{"line":9,"column":0},"end":{"line":9,"column":21}}},"4":{"name":"(anonymous_4)","line":10,"loc":{"start":{"line":10,"column":8},"end":{"line":10,"column":30}}},"5":{"name":"parent","line":15,"loc":{"start":{"line":15,"column":0},"end":{"line":15,"column":22}}},"6":{"name":"(anonymous_6)","line":16,"loc":{"start":{"line":16,"column":8},"end":{"line":16,"column":30}}}},"statementMap":{"1":{"start":{"line":1,"column":0},"end":{"line":1,"column":26}},"2":{"start":{"line":3,"column":0},"end":{"line":7,"column":1}},"3":{"start":{"line":4,"column":1},"end":{"line":6,"column":3}},"4":{"start":{"line":5,"column":2},"end":{"line":5,"column":25}},"5":{"start":{"line":9,"column":0},"end":{"line":13,"column":1}},"6":{"start":{"line":10,"column":1},"end":{"line":12,"column":3}},"7":{"start":{"line":11,"column":2},"end":{"line":11,"column":26}},"8":{"start":{"line":15,"column":0},"end":{"line":19,"column":1}},"9":{"start":{"line":16,"column":1},"end":{"line":18,"column":3}},"10":{"start":{"line":17,"column":2},"end":{"line":17,"column":29}},"11":{"start":{"line":21,"column":0},"end":{"line":21,"column":22}},"12":{"start":{"line":22,"column":0},"end":{"line":22,"column":22}},"13":{"start":{"line":23,"column":0},"end":{"line":23,"column":24}}},"branchMap":{},"code":["var _ = require('lodash');","","function query(name) {","\treturn function(req, parent) {","\t\treturn req.query[name];","\t};","}","","function param(name) {","\treturn function(req, parent) {","\t\treturn req.params[name];","\t};","}","","function parent(name) {","\treturn function(req, parent) {","\t\treturn _.get(parent, name);","\t};","}","","exports.query = query;","exports.param = param;","exports.parent = parent;",""],"l":{"1":1,"3":1,"4":0,"5":0,"9":1,"10":0,"11":0,"15":1,"16":0,"17":0,"21":1,"22":1,"23":1}},"/home/travis/build/npmtest/node-npmtest-jsonapify/node_modules/jsonapify/lib/errors/index.js":{"path":"/home/travis/build/npmtest/node-npmtest-jsonapify/node_modules/jsonapify/lib/errors/index.js","s":{"1":1},"b":{},"f":{},"fnMap":{},"statementMap":{"1":{"start":{"line":1,"column":0},"end":{"line":7,"column":2}}},"branchMap":{},"code":["module.exports = {","\tApiError: require('./ApiError'),","\tHttpError: require('./HttpError'),","\tUnknownError: require('./UnknownError'),","\tResourceNotFound: require('./ResourceNotFound'),","\tInvalidFieldValue: require('./InvalidFieldValue'),","};",""],"l":{"1":1}},"/home/travis/build/npmtest/node-npmtest-jsonapify/node_modules/jsonapify/lib/errors/HttpError.js":{"path":"/home/travis/build/npmtest/node-npmtest-jsonapify/node_modules/jsonapify/lib/errors/HttpError.js","s":{"1":1,"2":1,"3":1,"4":1,"5":1,"6":0,"7":0,"8":0,"9":0,"10":1,"11":1},"b":{"1":[0,0]},"f":{"1":0},"fnMap":{"1":{"name":"HttpError","line":8,"loc":{"start":{"line":8,"column":0},"end":{"line":8,"column":33}}}},"statementMap":{"1":{"start":{"line":1,"column":0},"end":{"line":1,"column":27}},"2":{"start":{"line":2,"column":0},"end":{"line":2,"column":27}},"3":{"start":{"line":4,"column":0},"end":{"line":4,"column":26}},"4":{"start":{"line":6,"column":0},"end":{"line":6,"column":37}},"5":{"start":{"line":8,"column":0},"end":{"line":13,"column":1}},"6":{"start":{"line":9,"column":1},"end":{"line":9,"column":19}},"7":{"start":{"line":10,"column":1},"end":{"line":10,"column":22}},"8":{"start":{"line":11,"column":1},"end":{"line":11,"column":41}},"9":{"start":{"line":12,"column":1},"end":{"line":12,"column":27}},"10":{"start":{"line":15,"column":0},"end":{"line":15,"column":35}},"11":{"start":{"line":17,"column":0},"end":{"line":17,"column":27}}},"branchMap":{"1":{"line":9,"type":"binary-expr","locations":[{"start":{"line":9,"column":8},"end":{"line":9,"column":12}},{"start":{"line":9,"column":16},"end":{"line":9,"column":18}}]}},"code":["var util = require('util');","var http = require('http');","","var _ = require('lodash');","","var ApiError = require('./ApiError');","","function HttpError(status, opts) {","\topts = opts || {};","\topts.status = status;","\topts.detail = http.STATUS_CODES[status];","\tApiError.call(this, opts);","}","","util.inherits(HttpError, ApiError);","","module.exports = HttpError;",""],"l":{"1":1,"2":1,"4":1,"6":1,"8":1,"9":0,"10":0,"11":0,"12":0,"15":1,"17":1}}}